2018-04-26 08:54:56.786 INFO  (main) [   ] o.e.j.s.Server jetty-9.4.8.v20171121, build timestamp: 2017-11-21T21:27:37Z, git hash: 82b8fb23f757335bb3329d540ce37a2a2615f0a8
2018-04-26 08:54:57.398 INFO  (main) [   ] o.a.s.s.SolrDispatchFilter  ___      _       Welcome to Apache Solr™ version 7.3.0
2018-04-26 08:54:57.399 INFO  (main) [   ] o.a.s.s.SolrDispatchFilter / __| ___| |_ _   Starting in standalone mode on port 8983
2018-04-26 08:54:57.399 INFO  (main) [   ] o.a.s.s.SolrDispatchFilter \__ \/ _ \ | '_|  Install dir: C:\Programs\solr\solr-7.3.0
2018-04-26 08:54:57.410 INFO  (main) [   ] o.a.s.s.SolrDispatchFilter |___/\___/_|_|    Start time: 2018-04-26T08:54:57.400Z
2018-04-26 08:54:57.417 INFO  (main) [   ] o.a.s.u.StartupLoggingUtils Property solr.log.muteconsole given. Muting ConsoleAppender named CONSOLE
2018-04-26 08:54:57.443 INFO  (main) [   ] o.a.s.c.SolrResourceLoader Using system property solr.solr.home: C:\Programs\solr\solr-7.3.0\server\solr
2018-04-26 08:54:57.455 INFO  (main) [   ] o.a.s.c.SolrXmlConfig Loading container configuration from C:\Programs\solr\solr-7.3.0\server\solr\solr.xml
2018-04-26 08:54:58.183 INFO  (main) [   ] o.a.s.c.CorePropertiesLocator Found 2 core definitions underneath C:\Programs\solr\solr-7.3.0\server\solr
2018-04-26 08:54:58.184 INFO  (main) [   ] o.a.s.c.CorePropertiesLocator Cores are: [WEBECEQF, WEBEPLQF]
2018-04-26 08:54:58.191 INFO  (coreLoadExecutor-6-thread-1) [   ] o.a.s.c.TransientSolrCoreCacheDefault Allocating transient cache for 2147483647 transient cores
2018-04-26 08:54:58.197 INFO  (coreLoadExecutor-6-thread-2) [   x:WEBEPLQF] o.a.s.c.SolrResourceLoader [null] Added 2 libs to classloader, from paths: [/C:/Programs/solr/solr-7.3.0/server/solr/WEBEPLQF/lib]
2018-04-26 08:54:58.198 INFO  (coreLoadExecutor-6-thread-1) [   x:WEBECEQF] o.a.s.c.SolrResourceLoader [null] Added 2 libs to classloader, from paths: [/C:/Programs/solr/solr-7.3.0/server/solr/WEBECEQF/lib]
2018-04-26 08:54:58.387 INFO  (coreLoadExecutor-6-thread-1) [   x:WEBECEQF] o.a.s.c.SolrResourceLoader [WEBECEQF] Added 67 libs to classloader, from paths: [/C:/Programs/solr/solr-7.3.0/contrib/extraction/lib, /C:/Programs/solr/solr-7.3.0/contrib/langid/lib, /C:/Programs/solr/solr-7.3.0/contrib/velocity/lib, /C:/Programs/solr/solr-7.3.0/dist]
2018-04-26 08:54:58.395 INFO  (coreLoadExecutor-6-thread-2) [   x:WEBEPLQF] o.a.s.c.SolrResourceLoader [WEBEPLQF] Added 67 libs to classloader, from paths: [/C:/Programs/solr/solr-7.3.0/contrib/extraction/lib, /C:/Programs/solr/solr-7.3.0/contrib/langid/lib, /C:/Programs/solr/solr-7.3.0/contrib/velocity/lib, /C:/Programs/solr/solr-7.3.0/dist]
2018-04-26 08:54:58.508 INFO  (coreLoadExecutor-6-thread-1) [   x:WEBECEQF] o.a.s.u.SolrIndexConfig IndexWriter infoStream solr logging is enabled
2018-04-26 08:54:58.512 INFO  (coreLoadExecutor-6-thread-1) [   x:WEBECEQF] o.a.s.c.SolrConfig Using Lucene MatchVersion: 7.3.0
2018-04-26 08:54:58.532 INFO  (coreLoadExecutor-6-thread-2) [   x:WEBEPLQF] o.a.s.u.SolrIndexConfig IndexWriter infoStream solr logging is enabled
2018-04-26 08:54:58.535 INFO  (coreLoadExecutor-6-thread-2) [   x:WEBEPLQF] o.a.s.c.SolrConfig Using Lucene MatchVersion: 7.3.0
2018-04-26 08:54:58.710 WARN  (coreLoadExecutor-6-thread-2) [   x:WEBEPLQF] o.a.s.s.ManagedIndexSchemaFactory The schema has been upgraded to managed, but the non-managed schema schema.xml is still loadable.  PLEASE REMOVE THIS FILE.
2018-04-26 08:54:58.781 INFO  (main) [   ] o.e.j.s.Server Started @2908ms
2018-04-26 08:54:58.811 INFO  (coreLoadExecutor-6-thread-1) [   x:WEBECEQF] o.a.s.s.IndexSchema [WEBECEQF] Schema name=example-DIH-db
2018-04-26 08:54:58.820 INFO  (coreLoadExecutor-6-thread-2) [   x:WEBEPLQF] o.a.s.s.IndexSchema [WEBEPLQF] Schema name=example-DIH-db
2018-04-26 08:54:59.084 WARN  (coreLoadExecutor-6-thread-2) [   x:WEBEPLQF] o.a.s.c.SolrResourceLoader Solr loaded a deprecated plugin/analysis class [solr.LatLonType]. Please consult documentation how to replace it accordingly.
2018-04-26 08:54:59.084 WARN  (coreLoadExecutor-6-thread-1) [   x:WEBECEQF] o.a.s.c.SolrResourceLoader Solr loaded a deprecated plugin/analysis class [solr.LatLonType]. Please consult documentation how to replace it accordingly.
2018-04-26 08:54:59.194 INFO  (qtp672320506-14) [   ] o.a.s.s.HttpSolrCall [admin] webapp=null path=/admin/info/system params={wt=json} status=0 QTime=139
2018-04-26 08:54:59.643 INFO  (coreLoadExecutor-6-thread-2) [   x:WEBEPLQF] o.a.s.s.IndexSchema Loaded schema example-DIH-db/1.6 with uniqueid field id
2018-04-26 08:54:59.643 INFO  (coreLoadExecutor-6-thread-1) [   x:WEBECEQF] o.a.s.s.IndexSchema Loaded schema example-DIH-db/1.6 with uniqueid field id
2018-04-26 08:54:59.706 INFO  (coreLoadExecutor-6-thread-1) [   x:WEBECEQF] o.a.s.c.CoreContainer Creating SolrCore 'WEBECEQF' using configuration from instancedir C:\Programs\solr\solr-7.3.0\server\solr\WEBECEQF, trusted=true
2018-04-26 08:54:59.740 INFO  (coreLoadExecutor-6-thread-2) [   x:WEBEPLQF] o.a.s.c.CoreContainer Creating SolrCore 'WEBEPLQF' using configuration from instancedir C:\Programs\solr\solr-7.3.0\server\solr\WEBEPLQF, trusted=true
2018-04-26 08:54:59.763 INFO  (coreLoadExecutor-6-thread-1) [   x:WEBECEQF] o.a.s.c.SolrCore solr.RecoveryStrategy.Builder
2018-04-26 08:54:59.770 INFO  (coreLoadExecutor-6-thread-1) [   x:WEBECEQF] o.a.s.c.SolrCore [[WEBECEQF] ] Opening new SolrCore at [C:\Programs\solr\solr-7.3.0\server\solr\WEBECEQF], dataDir=[C:\Programs\solr\solr-7.3.0\server\solr\WEBECEQF\data\]
2018-04-26 08:54:59.775 INFO  (coreLoadExecutor-6-thread-2) [   x:WEBEPLQF] o.a.s.c.SolrCore solr.RecoveryStrategy.Builder
2018-04-26 08:54:59.775 INFO  (coreLoadExecutor-6-thread-2) [   x:WEBEPLQF] o.a.s.c.SolrCore [[WEBEPLQF] ] Opening new SolrCore at [C:\Programs\solr\solr-7.3.0\server\solr\WEBEPLQF], dataDir=[C:\Programs\solr\solr-7.3.0\server\solr\WEBEPLQF\data\]
2018-04-26 08:54:59.821 INFO  (coreLoadExecutor-6-thread-1) [   x:WEBECEQF] o.a.s.r.XSLTResponseWriter xsltCacheLifetimeSeconds=5
2018-04-26 08:54:59.821 INFO  (coreLoadExecutor-6-thread-2) [   x:WEBEPLQF] o.a.s.r.XSLTResponseWriter xsltCacheLifetimeSeconds=5
2018-04-26 08:55:00.415 INFO  (coreLoadExecutor-6-thread-1) [   x:WEBECEQF] o.a.s.u.UpdateHandler Using UpdateLog implementation: org.apache.solr.update.UpdateLog
2018-04-26 08:55:00.415 INFO  (coreLoadExecutor-6-thread-1) [   x:WEBECEQF] o.a.s.u.UpdateLog Initializing UpdateLog: dataDir= defaultSyncLevel=FLUSH numRecordsToKeep=100 maxNumLogsToKeep=10 numVersionBuckets=65536
2018-04-26 08:55:00.417 INFO  (coreLoadExecutor-6-thread-2) [   x:WEBEPLQF] o.a.s.u.UpdateHandler Using UpdateLog implementation: org.apache.solr.update.UpdateLog
2018-04-26 08:55:00.422 INFO  (coreLoadExecutor-6-thread-2) [   x:WEBEPLQF] o.a.s.u.UpdateLog Initializing UpdateLog: dataDir= defaultSyncLevel=FLUSH numRecordsToKeep=100 maxNumLogsToKeep=10 numVersionBuckets=65536
2018-04-26 08:55:00.448 INFO  (coreLoadExecutor-6-thread-1) [   x:WEBECEQF] o.a.s.u.CommitTracker Hard AutoCommit: if uncommited for 15000ms; 
2018-04-26 08:55:00.448 INFO  (coreLoadExecutor-6-thread-1) [   x:WEBECEQF] o.a.s.u.CommitTracker Soft AutoCommit: disabled
2018-04-26 08:55:00.449 INFO  (coreLoadExecutor-6-thread-2) [   x:WEBEPLQF] o.a.s.u.CommitTracker Hard AutoCommit: if uncommited for 15000ms; 
2018-04-26 08:55:00.449 INFO  (coreLoadExecutor-6-thread-2) [   x:WEBEPLQF] o.a.s.u.CommitTracker Soft AutoCommit: disabled
2018-04-26 08:55:00.604 INFO  (coreLoadExecutor-6-thread-1) [   x:WEBECEQF] o.a.s.s.SolrIndexSearcher Opening [Searcher@1953d52a[WEBECEQF] main]
2018-04-26 08:55:00.626 INFO  (coreLoadExecutor-6-thread-1) [   x:WEBECEQF] o.a.s.r.ManagedResourceStorage File-based storage initialized to use dir: C:\Programs\solr\solr-7.3.0\server\solr\WEBECEQF\conf
2018-04-26 08:55:00.660 INFO  (coreLoadExecutor-6-thread-1) [   x:WEBECEQF] o.a.s.h.c.SpellCheckComponent Initializing spell checkers
2018-04-26 08:55:00.671 INFO  (coreLoadExecutor-6-thread-1) [   x:WEBECEQF] o.a.s.s.DirectSolrSpellChecker init: {name=default,field=text,classname=solr.DirectSolrSpellChecker,distanceMeasure=internal,accuracy=0.5,maxEdits=2,minPrefix=1,maxInspections=5,minQueryLength=4,maxQueryFrequency=0.01}
2018-04-26 08:55:00.715 INFO  (coreLoadExecutor-6-thread-1) [   x:WEBECEQF] o.a.s.h.c.SuggestComponent Initializing SuggestComponent
2018-04-26 08:55:00.718 INFO  (coreLoadExecutor-6-thread-1) [   x:WEBECEQF] o.a.s.s.s.SolrSuggester init: {name=mySuggester,lookupImpl=FuzzyLookupFactory,dictionaryImpl=DocumentDictionaryFactory,field=cat,weightField=price,suggestAnalyzerFieldType=string}
2018-04-26 08:55:00.737 INFO  (coreLoadExecutor-6-thread-1) [   x:WEBECEQF] o.a.s.s.s.SolrSuggester Dictionary loaded with params: {name=mySuggester,lookupImpl=FuzzyLookupFactory,dictionaryImpl=DocumentDictionaryFactory,field=cat,weightField=price,suggestAnalyzerFieldType=string}
2018-04-26 08:55:00.739 INFO  (coreLoadExecutor-6-thread-1) [   x:WEBECEQF] o.a.s.h.c.SuggestComponent Registering searcher listener for suggester: mySuggester - SuggesterListener [core=org.apache.solr.core.SolrCore@6f9f28c, suggester=SolrSuggester [ name=mySuggester, sourceLocation=null, storeDir=, lookupImpl=FuzzyLookupFactory, dictionaryImpl=DocumentDictionaryFactory, sizeInBytes=0 ], buildOnCommit=false, buildOnOptimize=false, buildOnStartup=true, isCoreReload=false]
2018-04-26 08:55:00.741 INFO  (coreLoadExecutor-6-thread-1) [   x:WEBECEQF] o.a.s.h.c.QueryElevationComponent Loading QueryElevation from: C:\Programs\solr\solr-7.3.0\server\solr\WEBECEQF\conf\elevate.xml
2018-04-26 08:55:00.782 INFO  (coreLoadExecutor-6-thread-1) [   x:WEBECEQF] o.a.s.h.ReplicationHandler Commits will be reserved for 10000ms.
2018-04-26 08:55:00.892 INFO  (qtp672320506-20) [   ] o.a.s.s.HttpSolrCall [admin] webapp=null path=/admin/cores params={indexInfo=false&wt=json&_=1524732900458} status=0 QTime=0
2018-04-26 08:55:00.894 INFO  (coreLoadExecutor-6-thread-2) [   x:WEBEPLQF] o.a.s.s.SolrIndexSearcher Opening [Searcher@2a56d4a3[WEBEPLQF] main]
2018-04-26 08:55:00.895 INFO  (coreLoadExecutor-6-thread-2) [   x:WEBEPLQF] o.a.s.r.ManagedResourceStorage File-based storage initialized to use dir: C:\Programs\solr\solr-7.3.0\server\solr\WEBEPLQF\conf
2018-04-26 08:55:00.896 INFO  (coreLoadExecutor-6-thread-2) [   x:WEBEPLQF] o.a.s.h.c.SpellCheckComponent Initializing spell checkers
2018-04-26 08:55:00.897 INFO  (coreLoadExecutor-6-thread-2) [   x:WEBEPLQF] o.a.s.s.DirectSolrSpellChecker init: {name=default,field=text,classname=solr.DirectSolrSpellChecker,distanceMeasure=internal,accuracy=0.5,maxEdits=2,minPrefix=1,maxInspections=5,minQueryLength=4,maxQueryFrequency=0.01}
2018-04-26 08:55:00.900 INFO  (coreLoadExecutor-6-thread-2) [   x:WEBEPLQF] o.a.s.h.c.SuggestComponent Initializing SuggestComponent
2018-04-26 08:55:00.903 INFO  (coreLoadExecutor-6-thread-2) [   x:WEBEPLQF] o.a.s.s.s.SolrSuggester init: {name=mySuggester,lookupImpl=FuzzyLookupFactory,dictionaryImpl=DocumentDictionaryFactory,field=cat,weightField=price,suggestAnalyzerFieldType=string}
2018-04-26 08:55:00.908 INFO  (coreLoadExecutor-6-thread-2) [   x:WEBEPLQF] o.a.s.s.s.SolrSuggester Dictionary loaded with params: {name=mySuggester,lookupImpl=FuzzyLookupFactory,dictionaryImpl=DocumentDictionaryFactory,field=cat,weightField=price,suggestAnalyzerFieldType=string}
2018-04-26 08:55:00.908 INFO  (coreLoadExecutor-6-thread-2) [   x:WEBEPLQF] o.a.s.h.c.SuggestComponent Registering searcher listener for suggester: mySuggester - SuggesterListener [core=org.apache.solr.core.SolrCore@1a0e7959, suggester=SolrSuggester [ name=mySuggester, sourceLocation=null, storeDir=, lookupImpl=FuzzyLookupFactory, dictionaryImpl=DocumentDictionaryFactory, sizeInBytes=0 ], buildOnCommit=false, buildOnOptimize=false, buildOnStartup=true, isCoreReload=false]
2018-04-26 08:55:00.909 INFO  (qtp672320506-18) [   ] o.a.s.s.HttpSolrCall [admin] webapp=null path=/admin/info/logging params={wt=json&_=1524732900878&since=0} status=0 QTime=1
2018-04-26 08:55:00.908 INFO  (coreLoadExecutor-6-thread-2) [   x:WEBEPLQF] o.a.s.h.c.QueryElevationComponent Loading QueryElevation from: C:\Programs\solr\solr-7.3.0\server\solr\WEBEPLQF\conf\elevate.xml
2018-04-26 08:55:00.921 INFO  (coreLoadExecutor-6-thread-2) [   x:WEBEPLQF] o.a.s.h.ReplicationHandler Commits will be reserved for 10000ms.
2018-04-26 08:55:00.939 INFO  (searcherExecutor-7-thread-1-processing-x:WEBECEQF) [   x:WEBECEQF] o.a.s.c.QuerySenderListener QuerySenderListener sending requests to Searcher@1953d52a[WEBECEQF] main{ExitableDirectoryReader(UninvertingDirectoryReader())}
2018-04-26 08:55:00.941 INFO  (searcherExecutor-8-thread-1-processing-x:WEBEPLQF) [   x:WEBEPLQF] o.a.s.c.QuerySenderListener QuerySenderListener sending requests to Searcher@2a56d4a3[WEBEPLQF] main{ExitableDirectoryReader(UninvertingDirectoryReader(Uninverting(_5(7.3.0):C4342)))}
2018-04-26 08:55:00.953 INFO  (qtp672320506-14) [   ] o.a.s.s.HttpSolrCall [admin] webapp=null path=/admin/info/system params={wt=json&_=1524732900458} status=0 QTime=55
2018-04-26 08:55:00.997 INFO  (searcherExecutor-8-thread-1-processing-x:WEBEPLQF) [   x:WEBEPLQF] o.a.s.c.S.Request [WEBEPLQF]  webapp=null path=null params={q=static+firstSearcher+warming+in+solrconfig.xml&distrib=false&event=firstSearcher} hits=0 status=0 QTime=54
2018-04-26 08:55:00.997 INFO  (searcherExecutor-7-thread-1-processing-x:WEBECEQF) [   x:WEBECEQF] o.a.s.c.S.Request [WEBECEQF]  webapp=null path=null params={q=static+firstSearcher+warming+in+solrconfig.xml&distrib=false&event=firstSearcher} hits=0 status=0 QTime=55
2018-04-26 08:55:00.997 INFO  (searcherExecutor-7-thread-1-processing-x:WEBECEQF) [   x:WEBECEQF] o.a.s.c.QuerySenderListener QuerySenderListener done.
2018-04-26 08:55:00.997 INFO  (searcherExecutor-8-thread-1-processing-x:WEBEPLQF) [   x:WEBEPLQF] o.a.s.c.QuerySenderListener QuerySenderListener done.
2018-04-26 08:55:00.997 INFO  (searcherExecutor-7-thread-1-processing-x:WEBECEQF) [   x:WEBECEQF] o.a.s.h.c.SpellCheckComponent Loading spell index for spellchecker: default
2018-04-26 08:55:00.998 INFO  (searcherExecutor-8-thread-1-processing-x:WEBEPLQF) [   x:WEBEPLQF] o.a.s.h.c.SpellCheckComponent Loading spell index for spellchecker: default
2018-04-26 08:55:00.998 INFO  (searcherExecutor-7-thread-1-processing-x:WEBECEQF) [   x:WEBECEQF] o.a.s.h.c.SpellCheckComponent Loading spell index for spellchecker: wordbreak
2018-04-26 08:55:00.998 INFO  (searcherExecutor-8-thread-1-processing-x:WEBEPLQF) [   x:WEBEPLQF] o.a.s.h.c.SpellCheckComponent Loading spell index for spellchecker: wordbreak
2018-04-26 08:55:00.998 INFO  (searcherExecutor-7-thread-1-processing-x:WEBECEQF) [   x:WEBECEQF] o.a.s.h.c.SuggestComponent buildOnStartup: mySuggester
2018-04-26 08:55:00.998 INFO  (searcherExecutor-8-thread-1-processing-x:WEBEPLQF) [   x:WEBEPLQF] o.a.s.h.c.SuggestComponent buildOnStartup: mySuggester
2018-04-26 08:55:00.998 INFO  (searcherExecutor-7-thread-1-processing-x:WEBECEQF) [   x:WEBECEQF] o.a.s.s.s.SolrSuggester SolrSuggester.build(mySuggester)
2018-04-26 08:55:00.998 INFO  (searcherExecutor-8-thread-1-processing-x:WEBEPLQF) [   x:WEBEPLQF] o.a.s.s.s.SolrSuggester SolrSuggester.build(mySuggester)
2018-04-26 08:55:01.058 INFO  (searcherExecutor-7-thread-1-processing-x:WEBECEQF) [   x:WEBECEQF] o.a.s.c.SolrCore [WEBECEQF] Registered new searcher Searcher@1953d52a[WEBECEQF] main{ExitableDirectoryReader(UninvertingDirectoryReader())}
2018-04-26 08:55:01.087 INFO  (searcherExecutor-8-thread-1-processing-x:WEBEPLQF) [   x:WEBEPLQF] o.a.s.c.SolrCore [WEBEPLQF] Registered new searcher Searcher@2a56d4a3[WEBEPLQF] main{ExitableDirectoryReader(UninvertingDirectoryReader(Uninverting(_5(7.3.0):C4342)))}
2018-04-26 08:55:10.897 INFO  (qtp672320506-14) [   ] o.a.s.s.HttpSolrCall [admin] webapp=null path=/admin/info/logging params={wt=json&_=1524732900878&since=0} status=0 QTime=0
2018-04-26 08:55:21.710 INFO  (qtp672320506-20) [   ] o.a.s.s.HttpSolrCall [admin] webapp=null path=/admin/info/logging params={wt=json&_=1524732900878&since=0} status=0 QTime=0
2018-04-26 08:55:32.714 INFO  (qtp672320506-14) [   ] o.a.s.s.HttpSolrCall [admin] webapp=null path=/admin/info/logging params={wt=json&_=1524732900878&since=0} status=0 QTime=0
2018-04-26 08:55:42.711 INFO  (qtp672320506-20) [   ] o.a.s.s.HttpSolrCall [admin] webapp=null path=/admin/info/logging params={wt=json&_=1524732900878&since=0} status=0 QTime=0
2018-04-26 08:55:53.714 INFO  (qtp672320506-14) [   ] o.a.s.s.HttpSolrCall [admin] webapp=null path=/admin/info/logging params={wt=json&_=1524732900878&since=0} status=0 QTime=0
2018-04-26 08:56:04.715 INFO  (qtp672320506-20) [   ] o.a.s.s.HttpSolrCall [admin] webapp=null path=/admin/info/logging params={wt=json&_=1524732900878&since=0} status=0 QTime=0
2018-04-26 08:56:15.712 INFO  (qtp672320506-15) [   ] o.a.s.s.HttpSolrCall [admin] webapp=null path=/admin/info/logging params={wt=json&_=1524732900878&since=0} status=0 QTime=0
2018-04-26 08:56:26.714 INFO  (qtp672320506-20) [   ] o.a.s.s.HttpSolrCall [admin] webapp=null path=/admin/info/logging params={wt=json&_=1524732900878&since=0} status=0 QTime=1
2018-04-26 08:56:37.713 INFO  (qtp672320506-15) [   ] o.a.s.s.HttpSolrCall [admin] webapp=null path=/admin/info/logging params={wt=json&_=1524732900878&since=0} status=0 QTime=0
2018-04-26 08:56:48.715 INFO  (qtp672320506-20) [   ] o.a.s.s.HttpSolrCall [admin] webapp=null path=/admin/info/logging params={wt=json&_=1524732900878&since=0} status=0 QTime=0
2018-04-26 08:56:59.714 INFO  (qtp672320506-15) [   ] o.a.s.s.HttpSolrCall [admin] webapp=null path=/admin/info/logging params={wt=json&_=1524732900878&since=0} status=0 QTime=0
2018-04-26 08:57:10.715 INFO  (qtp672320506-17) [   ] o.a.s.s.HttpSolrCall [admin] webapp=null path=/admin/info/logging params={wt=json&_=1524732900878&since=0} status=0 QTime=0
2018-04-26 08:57:21.712 INFO  (qtp672320506-20) [   ] o.a.s.s.HttpSolrCall [admin] webapp=null path=/admin/info/logging params={wt=json&_=1524732900878&since=0} status=0 QTime=0
2018-04-26 08:57:32.711 INFO  (qtp672320506-13) [   ] o.a.s.s.HttpSolrCall [admin] webapp=null path=/admin/info/logging params={wt=json&_=1524732900878&since=0} status=0 QTime=0
2018-04-26 08:57:43.712 INFO  (qtp672320506-20) [   ] o.a.s.s.HttpSolrCall [admin] webapp=null path=/admin/info/logging params={wt=json&_=1524732900878&since=0} status=0 QTime=0
2018-04-26 08:57:54.709 INFO  (qtp672320506-13) [   ] o.a.s.s.HttpSolrCall [admin] webapp=null path=/admin/info/logging params={wt=json&_=1524732900878&since=0} status=0 QTime=0
2018-04-26 08:58:05.714 INFO  (qtp672320506-20) [   ] o.a.s.s.HttpSolrCall [admin] webapp=null path=/admin/info/logging params={wt=json&_=1524732900878&since=0} status=0 QTime=0
2018-04-26 08:58:16.716 INFO  (qtp672320506-13) [   ] o.a.s.s.HttpSolrCall [admin] webapp=null path=/admin/info/logging params={wt=json&_=1524732900878&since=0} status=0 QTime=0
2018-04-26 08:58:27.715 INFO  (qtp672320506-14) [   ] o.a.s.s.HttpSolrCall [admin] webapp=null path=/admin/info/logging params={wt=json&_=1524732900878&since=0} status=0 QTime=0
2018-04-26 08:58:38.710 INFO  (qtp672320506-13) [   ] o.a.s.s.HttpSolrCall [admin] webapp=null path=/admin/info/logging params={wt=json&_=1524732900878&since=0} status=0 QTime=0
2018-04-26 08:58:49.716 INFO  (qtp672320506-14) [   ] o.a.s.s.HttpSolrCall [admin] webapp=null path=/admin/info/logging params={wt=json&_=1524732900878&since=0} status=0 QTime=1
2018-04-26 08:59:00.709 INFO  (qtp672320506-13) [   ] o.a.s.s.HttpSolrCall [admin] webapp=null path=/admin/info/logging params={wt=json&_=1524732900878&since=0} status=0 QTime=0
2018-04-26 08:59:11.712 INFO  (qtp672320506-14) [   ] o.a.s.s.HttpSolrCall [admin] webapp=null path=/admin/info/logging params={wt=json&_=1524732900878&since=0} status=0 QTime=0
2018-04-26 08:59:22.706 INFO  (qtp672320506-13) [   ] o.a.s.s.HttpSolrCall [admin] webapp=null path=/admin/info/logging params={wt=json&_=1524732900878&since=0} status=0 QTime=0
2018-04-26 08:59:32.716 INFO  (qtp672320506-19) [   ] o.a.s.s.HttpSolrCall [admin] webapp=null path=/admin/info/logging params={wt=json&_=1524732900878&since=0} status=0 QTime=0
2018-04-26 08:59:43.713 INFO  (qtp672320506-13) [   ] o.a.s.s.HttpSolrCall [admin] webapp=null path=/admin/info/logging params={wt=json&_=1524732900878&since=0} status=0 QTime=0
2018-04-26 08:59:54.712 INFO  (qtp672320506-19) [   ] o.a.s.s.HttpSolrCall [admin] webapp=null path=/admin/info/logging params={wt=json&_=1524732900878&since=0} status=0 QTime=0
2018-04-26 09:00:05.715 INFO  (qtp672320506-13) [   ] o.a.s.s.HttpSolrCall [admin] webapp=null path=/admin/info/logging params={wt=json&_=1524732900878&since=0} status=0 QTime=0
2018-04-26 09:00:16.714 INFO  (qtp672320506-19) [   ] o.a.s.s.HttpSolrCall [admin] webapp=null path=/admin/info/logging params={wt=json&_=1524732900878&since=0} status=0 QTime=0
2018-04-26 09:00:27.713 INFO  (qtp672320506-13) [   ] o.a.s.s.HttpSolrCall [admin] webapp=null path=/admin/info/logging params={wt=json&_=1524732900878&since=0} status=0 QTime=0
2018-04-26 09:00:38.715 INFO  (qtp672320506-20) [   ] o.a.s.s.HttpSolrCall [admin] webapp=null path=/admin/info/logging params={wt=json&_=1524732900878&since=0} status=0 QTime=0
2018-04-26 09:00:49.713 INFO  (qtp672320506-13) [   ] o.a.s.s.HttpSolrCall [admin] webapp=null path=/admin/info/logging params={wt=json&_=1524732900878&since=0} status=0 QTime=0
2018-04-26 09:01:00.712 INFO  (qtp672320506-20) [   ] o.a.s.s.HttpSolrCall [admin] webapp=null path=/admin/info/logging params={wt=json&_=1524732900878&since=0} status=0 QTime=0
2018-04-26 09:01:11.709 INFO  (qtp672320506-13) [   ] o.a.s.s.HttpSolrCall [admin] webapp=null path=/admin/info/logging params={wt=json&_=1524732900878&since=0} status=0 QTime=0
2018-04-26 09:01:21.709 INFO  (qtp672320506-20) [   ] o.a.s.s.HttpSolrCall [admin] webapp=null path=/admin/info/logging params={wt=json&_=1524732900878&since=0} status=0 QTime=0
2018-04-26 09:01:32.720 INFO  (qtp672320506-13) [   ] o.a.s.s.HttpSolrCall [admin] webapp=null path=/admin/info/logging params={wt=json&_=1524732900878&since=0} status=0 QTime=0
2018-04-26 09:01:43.709 INFO  (qtp672320506-22) [   ] o.a.s.s.HttpSolrCall [admin] webapp=null path=/admin/info/logging params={wt=json&_=1524732900878&since=0} status=0 QTime=0
2018-04-26 09:01:54.714 INFO  (qtp672320506-13) [   ] o.a.s.s.HttpSolrCall [admin] webapp=null path=/admin/info/logging params={wt=json&_=1524732900878&since=0} status=0 QTime=1
2018-04-26 09:02:05.710 INFO  (qtp672320506-22) [   ] o.a.s.s.HttpSolrCall [admin] webapp=null path=/admin/info/logging params={wt=json&_=1524732900878&since=0} status=0 QTime=0
2018-04-26 09:02:16.710 INFO  (qtp672320506-13) [   ] o.a.s.s.HttpSolrCall [admin] webapp=null path=/admin/info/logging params={wt=json&_=1524732900878&since=0} status=0 QTime=0
2018-04-26 09:02:27.712 INFO  (qtp672320506-22) [   ] o.a.s.s.HttpSolrCall [admin] webapp=null path=/admin/info/logging params={wt=json&_=1524732900878&since=0} status=0 QTime=0
2018-04-26 09:02:38.710 INFO  (qtp672320506-13) [   ] o.a.s.s.HttpSolrCall [admin] webapp=null path=/admin/info/logging params={wt=json&_=1524732900878&since=0} status=0 QTime=0
2018-04-26 09:02:49.709 INFO  (qtp672320506-18) [   ] o.a.s.s.HttpSolrCall [admin] webapp=null path=/admin/info/logging params={wt=json&_=1524732900878&since=0} status=0 QTime=0
2018-04-26 09:03:00.708 INFO  (qtp672320506-13) [   ] o.a.s.s.HttpSolrCall [admin] webapp=null path=/admin/info/logging params={wt=json&_=1524732900878&since=0} status=0 QTime=0
2018-04-26 09:03:11.714 INFO  (qtp672320506-18) [   ] o.a.s.s.HttpSolrCall [admin] webapp=null path=/admin/info/logging params={wt=json&_=1524732900878&since=0} status=0 QTime=0
2018-04-26 09:03:22.710 INFO  (qtp672320506-13) [   ] o.a.s.s.HttpSolrCall [admin] webapp=null path=/admin/info/logging params={wt=json&_=1524732900878&since=0} status=0 QTime=0
2018-04-26 09:03:32.717 INFO  (qtp672320506-18) [   ] o.a.s.s.HttpSolrCall [admin] webapp=null path=/admin/info/logging params={wt=json&_=1524732900878&since=0} status=0 QTime=0
2018-04-26 09:03:43.718 INFO  (qtp672320506-13) [   ] o.a.s.s.HttpSolrCall [admin] webapp=null path=/admin/info/logging params={wt=json&_=1524732900878&since=0} status=0 QTime=0
2018-04-26 09:03:54.708 INFO  (qtp672320506-15) [   ] o.a.s.s.HttpSolrCall [admin] webapp=null path=/admin/info/logging params={wt=json&_=1524732900878&since=0} status=0 QTime=0
2018-04-26 09:04:05.714 INFO  (qtp672320506-13) [   ] o.a.s.s.HttpSolrCall [admin] webapp=null path=/admin/info/logging params={wt=json&_=1524732900878&since=0} status=0 QTime=0
2018-04-26 09:04:16.711 INFO  (qtp672320506-15) [   ] o.a.s.s.HttpSolrCall [admin] webapp=null path=/admin/info/logging params={wt=json&_=1524732900878&since=0} status=0 QTime=0
2018-04-26 09:04:27.714 INFO  (qtp672320506-13) [   ] o.a.s.s.HttpSolrCall [admin] webapp=null path=/admin/info/logging params={wt=json&_=1524732900878&since=0} status=0 QTime=0
2018-04-26 09:04:38.709 INFO  (qtp672320506-15) [   ] o.a.s.s.HttpSolrCall [admin] webapp=null path=/admin/info/logging params={wt=json&_=1524732900878&since=0} status=0 QTime=0
2018-04-26 09:04:48.714 INFO  (qtp672320506-13) [   ] o.a.s.s.HttpSolrCall [admin] webapp=null path=/admin/info/logging params={wt=json&_=1524732900878&since=0} status=0 QTime=0
2018-04-26 09:04:59.708 INFO  (qtp672320506-19) [   ] o.a.s.s.HttpSolrCall [admin] webapp=null path=/admin/info/logging params={wt=json&_=1524732900878&since=0} status=0 QTime=0
2018-04-26 09:05:10.709 INFO  (qtp672320506-13) [   ] o.a.s.s.HttpSolrCall [admin] webapp=null path=/admin/info/logging params={wt=json&_=1524732900878&since=0} status=0 QTime=0
2018-04-26 09:05:20.708 INFO  (qtp672320506-19) [   ] o.a.s.s.HttpSolrCall [admin] webapp=null path=/admin/info/logging params={wt=json&_=1524732900878&since=0} status=0 QTime=0
2018-04-26 09:05:22.392 INFO  (qtp672320506-19) [   ] o.a.s.s.HttpSolrCall [admin] webapp=null path=/admin/cores params={indexInfo=false&wt=json&_=1524733522243} status=0 QTime=0
2018-04-26 09:05:22.397 INFO  (qtp672320506-13) [   ] o.a.s.s.HttpSolrCall [admin] webapp=null path=/admin/info/logging params={wt=json&_=1524733522387&since=0} status=0 QTime=0
2018-04-26 09:05:22.443 INFO  (qtp672320506-17) [   ] o.a.s.s.HttpSolrCall [admin] webapp=null path=/admin/info/system params={wt=json&_=1524733522243} status=0 QTime=47
2018-04-26 09:05:24.440 INFO  (qtp672320506-17) [   ] o.a.s.s.HttpSolrCall [admin] webapp=null path=/admin/cores params={indexInfo=false&wt=json&_=1524733522243} status=0 QTime=0
2018-04-26 09:05:24.455 INFO  (qtp672320506-16) [   ] o.a.s.s.HttpSolrCall [admin] webapp=null path=/admin/cores params={wt=json&_=1524733522243} status=0 QTime=5
2018-04-26 09:05:24.503 INFO  (qtp672320506-20) [   ] o.a.s.s.HttpSolrCall [admin] webapp=null path=/admin/info/system params={wt=json&_=1524733522243} status=0 QTime=62
2018-04-26 09:05:24.514 INFO  (qtp672320506-13) [   ] o.a.s.s.HttpSolrCall [admin] webapp=null path=/admin/cores params={indexInfo=false&wt=json&_=1524733522243} status=0 QTime=0
2018-04-26 09:05:24.519 INFO  (qtp672320506-20) [   ] o.a.s.s.HttpSolrCall [admin] webapp=null path=/admin/cores params={wt=json&_=1524733522243} status=0 QTime=1
2018-04-26 09:05:24.566 INFO  (qtp672320506-17) [   ] o.a.s.s.HttpSolrCall [admin] webapp=null path=/admin/info/system params={wt=json&_=1524733522243} status=0 QTime=51
2018-04-26 09:05:25.771 INFO  (qtp672320506-16) [   ] o.a.s.s.HttpSolrCall [admin] webapp=null path=/admin/cores params={indexInfo=false&wt=json&_=1524733522243} status=0 QTime=0
2018-04-26 09:05:25.780 INFO  (qtp672320506-17) [   ] o.a.s.s.HttpSolrCall [admin] webapp=null path=/admin/cores params={wt=json&_=1524733522243} status=0 QTime=1
2018-04-26 09:05:25.820 INFO  (qtp672320506-13) [   ] o.a.s.s.HttpSolrCall [admin] webapp=null path=/admin/info/system params={wt=json&_=1524733522243} status=0 QTime=47
2018-04-26 09:05:26.447 INFO  (qtp672320506-20) [   ] o.a.s.c.SolrResourceLoader [null] Added 2 libs to classloader, from paths: [/C:/Programs/solr/solr-7.3.0/server/solr/WEBEPLQF/lib]
2018-04-26 09:05:26.469 INFO  (qtp672320506-20) [   ] o.a.s.c.SolrResourceLoader [WEBEPLQF] Added 67 libs to classloader, from paths: [/C:/Programs/solr/solr-7.3.0/contrib/extraction/lib, /C:/Programs/solr/solr-7.3.0/contrib/langid/lib, /C:/Programs/solr/solr-7.3.0/contrib/velocity/lib, /C:/Programs/solr/solr-7.3.0/dist]
2018-04-26 09:05:26.521 INFO  (qtp672320506-20) [   ] o.a.s.u.SolrIndexConfig IndexWriter infoStream solr logging is enabled
2018-04-26 09:05:26.522 INFO  (qtp672320506-20) [   ] o.a.s.c.SolrConfig Using Lucene MatchVersion: 7.3.0
2018-04-26 09:05:26.553 INFO  (qtp672320506-20) [   ] o.a.s.s.IndexSchema [WEBEPLQF] Schema name=example
2018-04-26 09:05:26.563 WARN  (qtp672320506-20) [   ] o.a.s.c.SolrResourceLoader Solr loaded a deprecated plugin/analysis class [solr.TrieIntField]. Please consult documentation how to replace it accordingly.
2018-04-26 09:05:26.566 WARN  (qtp672320506-20) [   ] o.a.s.c.SolrResourceLoader Solr loaded a deprecated plugin/analysis class [solr.TrieFloatField]. Please consult documentation how to replace it accordingly.
2018-04-26 09:05:26.569 WARN  (qtp672320506-20) [   ] o.a.s.c.SolrResourceLoader Solr loaded a deprecated plugin/analysis class [solr.TrieLongField]. Please consult documentation how to replace it accordingly.
2018-04-26 09:05:26.571 WARN  (qtp672320506-20) [   ] o.a.s.c.SolrResourceLoader Solr loaded a deprecated plugin/analysis class [solr.TrieDoubleField]. Please consult documentation how to replace it accordingly.
2018-04-26 09:05:26.583 WARN  (qtp672320506-20) [   ] o.a.s.c.SolrResourceLoader Solr loaded a deprecated plugin/analysis class [solr.TrieDateField]. Please consult documentation how to replace it accordingly.
2018-04-26 09:05:26.591 WARN  (qtp672320506-20) [   ] o.a.s.c.SolrResourceLoader Solr loaded a deprecated plugin/analysis class [solr.SynonymFilterFactory]. Please consult documentation how to replace it accordingly.
2018-04-26 09:05:26.599 WARN  (qtp672320506-20) [   ] o.a.s.c.SolrResourceLoader Solr loaded a deprecated plugin/analysis class [solr.WordDelimiterFilterFactory]. Please consult documentation how to replace it accordingly.
2018-04-26 09:05:26.624 WARN  (qtp672320506-20) [   ] o.a.s.c.SolrResourceLoader Solr loaded a deprecated plugin/analysis class [solr.CurrencyField]. Please consult documentation how to replace it accordingly.
2018-04-26 09:05:26.630 INFO  (qtp672320506-20) [   ] o.a.s.s.IndexSchema Loaded schema example/1.5 with uniqueid field id
2018-04-26 09:05:26.652 INFO  (qtp672320506-20) [   ] o.a.s.c.CoreContainer Reloading SolrCore 'WEBEPLQF' using configuration from instancedir C:\Programs\solr\solr-7.3.0\server\solr\WEBEPLQF
2018-04-26 09:05:26.653 INFO  (qtp672320506-20) [   x:WEBEPLQF] o.a.s.c.SolrCore [[WEBEPLQF] ] Opening new SolrCore at [C:\Programs\solr\solr-7.3.0\server\solr\WEBEPLQF], dataDir=[C:\Programs\solr\solr-7.3.0\server\solr\WEBEPLQF\data\]
2018-04-26 09:05:26.655 INFO  (qtp672320506-20) [   x:WEBEPLQF] o.a.s.r.XSLTResponseWriter xsltCacheLifetimeSeconds=5
2018-04-26 09:05:26.715 INFO  (qtp672320506-20) [   x:WEBEPLQF] o.a.s.u.CommitTracker Hard AutoCommit: if uncommited for 15000ms; 
2018-04-26 09:05:26.715 INFO  (qtp672320506-20) [   x:WEBEPLQF] o.a.s.u.CommitTracker Soft AutoCommit: disabled
2018-04-26 09:05:26.718 INFO  (qtp672320506-20) [   x:WEBEPLQF] o.a.s.s.SolrIndexSearcher Opening [Searcher@5de5e1fe[WEBEPLQF] main]
2018-04-26 09:05:26.719 INFO  (qtp672320506-20) [   x:WEBEPLQF] o.a.s.r.ManagedResourceStorage File-based storage initialized to use dir: C:\Programs\solr\solr-7.3.0\server\solr\WEBEPLQF\conf
2018-04-26 09:05:26.720 INFO  (qtp672320506-20) [   x:WEBEPLQF] o.a.s.h.c.SpellCheckComponent Initializing spell checkers
2018-04-26 09:05:26.720 INFO  (qtp672320506-20) [   x:WEBEPLQF] o.a.s.s.DirectSolrSpellChecker init: {name=default,field=text,classname=solr.DirectSolrSpellChecker,distanceMeasure=internal,accuracy=0.5,maxEdits=2,minPrefix=1,maxInspections=5,minQueryLength=4,maxQueryFrequency=0.01}
2018-04-26 09:05:26.720 INFO  (qtp672320506-20) [   x:WEBEPLQF] o.a.s.h.c.SuggestComponent Initializing SuggestComponent
2018-04-26 09:05:26.720 INFO  (qtp672320506-20) [   x:WEBEPLQF] o.a.s.s.s.SolrSuggester init: {name=mySuggester,lookupImpl=FuzzyLookupFactory,dictionaryImpl=DocumentDictionaryFactory,field=cat,weightField=price,suggestAnalyzerFieldType=string}
2018-04-26 09:05:26.721 INFO  (qtp672320506-20) [   x:WEBEPLQF] o.a.s.s.s.SolrSuggester Dictionary loaded with params: {name=mySuggester,lookupImpl=FuzzyLookupFactory,dictionaryImpl=DocumentDictionaryFactory,field=cat,weightField=price,suggestAnalyzerFieldType=string}
2018-04-26 09:05:26.721 INFO  (qtp672320506-20) [   x:WEBEPLQF] o.a.s.h.c.SuggestComponent Registering searcher listener for suggester: mySuggester - SuggesterListener [core=org.apache.solr.core.SolrCore@102bbc7e, suggester=SolrSuggester [ name=mySuggester, sourceLocation=null, storeDir=, lookupImpl=FuzzyLookupFactory, dictionaryImpl=DocumentDictionaryFactory, sizeInBytes=0 ], buildOnCommit=false, buildOnOptimize=false, buildOnStartup=true, isCoreReload=true]
2018-04-26 09:05:26.721 INFO  (qtp672320506-20) [   x:WEBEPLQF] o.a.s.h.c.QueryElevationComponent Loading QueryElevation from: C:\Programs\solr\solr-7.3.0\server\solr\WEBEPLQF\conf\elevate.xml
2018-04-26 09:05:26.725 INFO  (qtp672320506-20) [   x:WEBEPLQF] o.a.s.h.ReplicationHandler Commits will be reserved for 10000ms.
2018-04-26 09:05:26.732 INFO  (searcherExecutor-17-thread-1-processing-x:WEBEPLQF) [   x:WEBEPLQF] o.a.s.c.QuerySenderListener QuerySenderListener sending requests to Searcher@5de5e1fe[WEBEPLQF] main{ExitableDirectoryReader(UninvertingDirectoryReader(Uninverting(_5(7.3.0):C4342)))}
2018-04-26 09:05:26.734 ERROR (searcherExecutor-17-thread-1-processing-x:WEBEPLQF) [   x:WEBEPLQF] o.a.s.h.RequestHandlerBase org.apache.solr.common.SolrException: undefined field text
	at org.apache.solr.schema.IndexSchema.getDynamicFieldType(IndexSchema.java:1292)
	at org.apache.solr.schema.IndexSchema$SolrQueryAnalyzer.getWrappedAnalyzer(IndexSchema.java:434)
	at org.apache.lucene.analysis.DelegatingAnalyzerWrapper$DelegatingReuseStrategy.getReusableComponents(DelegatingAnalyzerWrapper.java:84)
	at org.apache.lucene.analysis.Analyzer.tokenStream(Analyzer.java:191)
	at org.apache.lucene.util.QueryBuilder.createFieldQuery(QueryBuilder.java:240)
	at org.apache.solr.parser.SolrQueryParserBase.newFieldQuery(SolrQueryParserBase.java:518)
	at org.apache.solr.parser.QueryParser.newFieldQuery(QueryParser.java:62)
	at org.apache.solr.parser.SolrQueryParserBase.getFieldQuery(SolrQueryParserBase.java:1148)
	at org.apache.solr.parser.QueryParser.MultiTerm(QueryParser.java:593)
	at org.apache.solr.parser.QueryParser.Query(QueryParser.java:142)
	at org.apache.solr.parser.QueryParser.TopLevelQuery(QueryParser.java:131)
	at org.apache.solr.parser.SolrQueryParserBase.parse(SolrQueryParserBase.java:254)
	at org.apache.solr.search.LuceneQParser.parse(LuceneQParser.java:49)
	at org.apache.solr.search.QParser.getQuery(QParser.java:169)
	at org.apache.solr.handler.component.QueryComponent.prepare(QueryComponent.java:160)
	at org.apache.solr.handler.component.SearchHandler.handleRequestBody(SearchHandler.java:269)
	at org.apache.solr.handler.RequestHandlerBase.handleRequest(RequestHandlerBase.java:195)
	at org.apache.solr.core.SolrCore.execute(SolrCore.java:2503)
	at org.apache.solr.core.QuerySenderListener.newSearcher(QuerySenderListener.java:74)
	at org.apache.solr.core.SolrCore.lambda$getSearcher$17(SolrCore.java:2275)
	at java.util.concurrent.FutureTask.run(FutureTask.java:266)
	at org.apache.solr.common.util.ExecutorUtil$MDCAwareThreadPoolExecutor.lambda$execute$0(ExecutorUtil.java:188)
	at java.util.concurrent.ThreadPoolExecutor.runWorker(ThreadPoolExecutor.java:1149)
	at java.util.concurrent.ThreadPoolExecutor$Worker.run(ThreadPoolExecutor.java:624)
	at java.lang.Thread.run(Thread.java:748)

2018-04-26 09:05:26.735 INFO  (searcherExecutor-17-thread-1-processing-x:WEBEPLQF) [   x:WEBEPLQF] o.a.s.c.S.Request [WEBEPLQF]  webapp=null path=null params={q=static+firstSearcher+warming+in+solrconfig.xml&distrib=false&event=firstSearcher} status=400 QTime=2
2018-04-26 09:05:26.735 INFO  (searcherExecutor-17-thread-1-processing-x:WEBEPLQF) [   x:WEBEPLQF] o.a.s.c.QuerySenderListener QuerySenderListener done.
2018-04-26 09:05:26.735 INFO  (searcherExecutor-17-thread-1-processing-x:WEBEPLQF) [   x:WEBEPLQF] o.a.s.h.c.SpellCheckComponent Loading spell index for spellchecker: default
2018-04-26 09:05:26.735 INFO  (searcherExecutor-17-thread-1-processing-x:WEBEPLQF) [   x:WEBEPLQF] o.a.s.h.c.SpellCheckComponent Loading spell index for spellchecker: wordbreak
2018-04-26 09:05:26.735 INFO  (searcherExecutor-17-thread-1-processing-x:WEBEPLQF) [   x:WEBEPLQF] o.a.s.h.c.SuggestComponent Skipping first newSearcher call for suggester SolrSuggester [ name=mySuggester, sourceLocation=null, storeDir=, lookupImpl=FuzzyLookupFactory, dictionaryImpl=DocumentDictionaryFactory, sizeInBytes=0 ] in core reload
2018-04-26 09:05:26.735 INFO  (searcherExecutor-17-thread-1-processing-x:WEBEPLQF) [   x:WEBEPLQF] o.a.s.c.SolrCore [WEBEPLQF] Registered new searcher Searcher@5de5e1fe[WEBEPLQF] main{ExitableDirectoryReader(UninvertingDirectoryReader(Uninverting(_5(7.3.0):C4342)))}
2018-04-26 09:05:26.762 INFO  (qtp672320506-20) [   x:WEBEPLQF] o.a.s.u.DefaultSolrCoreState New IndexWriter is ready to be used.
2018-04-26 09:05:26.769 INFO  (qtp672320506-20) [   x:WEBEPLQF] o.a.s.s.SolrIndexSearcher Opening [Searcher@4fa8c02e[WEBEPLQF] main]
2018-04-26 09:05:26.770 INFO  (searcherExecutor-17-thread-1-processing-x:WEBEPLQF) [   x:WEBEPLQF] o.a.s.c.QuerySenderListener QuerySenderListener sending requests to Searcher@4fa8c02e[WEBEPLQF] main{ExitableDirectoryReader(UninvertingDirectoryReader(Uninverting(_5(7.3.0):C4342)))}
2018-04-26 09:05:26.771 INFO  (searcherExecutor-17-thread-1-processing-x:WEBEPLQF) [   x:WEBEPLQF] o.a.s.c.QuerySenderListener QuerySenderListener done.
2018-04-26 09:05:26.771 INFO  (searcherExecutor-17-thread-1-processing-x:WEBEPLQF) [   x:WEBEPLQF] o.a.s.h.c.SuggestComponent buildOnStartup: mySuggester
2018-04-26 09:05:26.771 INFO  (searcherExecutor-17-thread-1-processing-x:WEBEPLQF) [   x:WEBEPLQF] o.a.s.s.s.SolrSuggester SolrSuggester.build(mySuggester)
2018-04-26 09:05:26.771 INFO  (qtp672320506-20) [   x:WEBEPLQF] o.a.s.c.SolrCore [WEBEPLQF]  CLOSING SolrCore org.apache.solr.core.SolrCore@1a0e7959
2018-04-26 09:05:26.771 INFO  (qtp672320506-20) [   x:WEBEPLQF] o.a.s.m.SolrMetricManager Closing metric reporters for registry=solr.core.WEBEPLQF, tag=437156185
2018-04-26 09:05:26.772 INFO  (qtp672320506-20) [   x:WEBEPLQF] o.a.s.s.HttpSolrCall [admin] webapp=null path=/admin/cores params={core=WEBEPLQF&action=RELOAD&wt=json&_=1524733522243} status=0 QTime=327
2018-04-26 09:05:26.807 INFO  (searcherExecutor-17-thread-1-processing-x:WEBEPLQF) [   x:WEBEPLQF] o.a.s.c.SolrCore [WEBEPLQF] Registered new searcher Searcher@4fa8c02e[WEBEPLQF] main{ExitableDirectoryReader(UninvertingDirectoryReader(Uninverting(_5(7.3.0):C4342)))}
2018-04-26 09:05:27.827 INFO  (qtp672320506-13) [   ] o.a.s.s.HttpSolrCall [admin] webapp=null path=/admin/cores params={indexInfo=false&wt=json&_=1524733522243} status=0 QTime=0
2018-04-26 09:05:27.834 INFO  (qtp672320506-13) [   ] o.a.s.s.HttpSolrCall [admin] webapp=null path=/admin/cores params={wt=json&_=1524733522243} status=0 QTime=2
2018-04-26 09:05:27.873 INFO  (qtp672320506-16) [   ] o.a.s.s.HttpSolrCall [admin] webapp=null path=/admin/info/system params={wt=json&_=1524733522243} status=0 QTime=45
2018-04-26 09:05:30.023 INFO  (qtp672320506-17) [   ] o.a.s.s.HttpSolrCall [admin] webapp=null path=/admin/cores params={indexInfo=false&wt=json&_=1524733522243} status=0 QTime=0
2018-04-26 09:05:30.033 INFO  (qtp672320506-16) [   x:WEBEPLQF] o.a.s.c.S.Request [WEBEPLQF]  webapp=/solr path=/admin/luke params={numTerms=0&show=index&wt=json&_=1524733530019} status=0 QTime=2
2018-04-26 09:05:30.046 INFO  (qtp672320506-13) [   x:WEBEPLQF] o.a.s.c.S.Request [WEBEPLQF]  webapp=/solr path=/replication params={wt=json&command=details&_=1524733530019} status=0 QTime=4
2018-04-26 09:05:30.059 INFO  (qtp672320506-17) [   x:WEBEPLQF] o.a.s.c.S.Request [WEBEPLQF]  webapp=/solr path=/admin/ping params={action=status&wt=json&_=1524733522243&ts=1524733522243} status=503 QTime=1
2018-04-26 09:05:30.133 INFO  (qtp672320506-20) [   ] o.a.s.s.HttpSolrCall [admin] webapp=null path=/admin/info/system params={wt=json&_=1524733522243} status=0 QTime=109
2018-04-26 09:05:30.136 INFO  (qtp672320506-16) [   x:WEBEPLQF] o.a.s.c.S.Request [WEBEPLQF]  webapp=/solr path=/admin/system params={wt=json&_=1524733530019} status=0 QTime=82
2018-04-26 09:05:32.477 INFO  (qtp672320506-13) [   ] o.a.s.s.HttpSolrCall [admin] webapp=null path=/admin/cores params={indexInfo=false&wt=json&_=1524733522243} status=0 QTime=0
2018-04-26 09:05:32.484 INFO  (qtp672320506-20) [   x:WEBEPLQF] o.a.s.c.S.Request [WEBEPLQF]  webapp=/solr path=/admin/luke params={show=schema&wt=json&_=1524733530019} status=0 QTime=3
2018-04-26 09:05:32.498 INFO  (qtp672320506-13) [   x:WEBEPLQF] o.a.s.c.S.Request [WEBEPLQF]  webapp=/solr path=/config params={wt=json&_=1524733532459} status=0 QTime=3
2018-04-26 09:05:32.538 INFO  (qtp672320506-16) [   ] o.a.s.s.HttpSolrCall [admin] webapp=null path=/admin/info/system params={wt=json&_=1524733522243} status=0 QTime=59
2018-04-26 09:05:32.571 INFO  (qtp672320506-20) [   x:WEBEPLQF] o.a.s.c.S.Request [WEBEPLQF]  webapp=/solr path=/admin/luke params={numTerms=0&wt=json&_=1524733530019} status=0 QTime=5
2018-04-26 09:05:42.142 INFO  (qtp672320506-16) [   ] o.a.s.s.HttpSolrCall [admin] webapp=null path=/admin/cores params={indexInfo=false&wt=json&_=1524733522243} status=0 QTime=0
2018-04-26 09:05:42.146 INFO  (qtp672320506-13) [   x:WEBEPLQF] o.a.s.c.S.Request [WEBEPLQF]  webapp=/solr path=/admin/mbeans params={cat=QUERY&wt=json&_=1524733542131} status=0 QTime=0
2018-04-26 09:05:42.198 INFO  (qtp672320506-20) [   ] o.a.s.s.HttpSolrCall [admin] webapp=null path=/admin/info/system params={wt=json&_=1524733522243} status=0 QTime=55
2018-04-26 09:05:42.205 INFO  (qtp672320506-16) [   ] o.a.s.s.HttpSolrCall [admin] webapp=null path=/admin/cores params={indexInfo=false&wt=json&_=1524733522243} status=0 QTime=0
2018-04-26 09:05:42.209 INFO  (qtp672320506-16) [   x:WEBEPLQF] o.a.s.c.S.Request [WEBEPLQF]  webapp=/solr path=/admin/mbeans params={cat=QUERY&wt=json&_=1524733542131} status=0 QTime=0
2018-04-26 09:05:42.226 INFO  (qtp672320506-13) [   x:WEBEPLQF] o.a.s.c.S.Request [WEBEPLQF]  webapp=/solr path=/dataimport params={indent=on&wt=json&command=show-config&_=1524733542131} status=0 QTime=5
2018-04-26 09:05:42.249 INFO  (qtp672320506-16) [   x:WEBEPLQF] o.a.s.c.S.Request [WEBEPLQF]  webapp=/solr path=/dataimport params={indent=on&wt=json&command=status&_=1524733542131} status=0 QTime=0
2018-04-26 09:05:42.268 INFO  (qtp672320506-20) [   ] o.a.s.s.HttpSolrCall [admin] webapp=null path=/admin/info/system params={wt=json&_=1524733522243} status=0 QTime=61
2018-04-26 09:05:44.669 INFO  (qtp672320506-13) [   x:WEBEPLQF] o.a.s.c.S.Request [WEBEPLQF]  webapp=/solr path=/dataimport params={indent=on&wt=json&command=status&_=1524733542131} status=0 QTime=0
2018-04-26 09:05:45.358 INFO  (qtp672320506-20) [   x:WEBEPLQF] o.a.s.h.d.DataImporter Loading DIH Configuration: db-data-config.xml
2018-04-26 09:05:45.364 INFO  (qtp672320506-20) [   x:WEBEPLQF] o.a.s.h.d.c.DIHConfiguration id is a required field in SolrSchema . But not found in DataConfig
2018-04-26 09:05:45.365 INFO  (qtp672320506-20) [   x:WEBEPLQF] o.a.s.h.d.DataImporter Data Configuration loaded successfully
2018-04-26 09:05:45.373 INFO  (qtp672320506-20) [   x:WEBEPLQF] o.a.s.c.S.Request [WEBEPLQF]  webapp=/solr path=/dataimport params={core=WEBEPLQF&indent=on&commit=true&name=dataimport&clean=false&wt=json&command=full-import&_=1524733542131&verbose=false} status=0 QTime=17
2018-04-26 09:05:45.373 INFO  (Thread-14) [   x:WEBEPLQF] o.a.s.h.d.DataImporter Starting Full Import
2018-04-26 09:05:45.378 INFO  (qtp672320506-13) [   x:WEBEPLQF] o.a.s.c.S.Request [WEBEPLQF]  webapp=/solr path=/dataimport params={indent=on&wt=json&command=status&_=1524733542131} status=0 QTime=0
2018-04-26 09:05:45.392 INFO  (Thread-14) [   x:WEBEPLQF] o.a.s.h.d.SimplePropertiesWriter Read dataimport.properties
2018-04-26 09:05:45.508 INFO  (Thread-14) [   x:WEBEPLQF] o.a.s.h.d.JdbcDataSource Creating a connection for entity filter_rqst with URL: jdbc:oracle:thin:@ryelxwebeqfdbc1.rye.avon.com:1521:webgplqf
2018-04-26 09:05:46.670 INFO  (qtp672320506-20) [   x:WEBEPLQF] o.a.s.c.S.Request [WEBEPLQF]  webapp=/solr path=/dataimport params={indent=on&wt=json&command=status&_=1524733542131} status=0 QTime=0
2018-04-26 09:05:47.174 INFO  (Thread-14) [   x:WEBEPLQF] o.a.s.h.d.JdbcDataSource Time taken for getConnection(): 1665
2018-04-26 09:05:48.619 INFO  (qtp672320506-13) [   x:WEBEPLQF] o.a.s.c.S.Request [WEBEPLQF]  webapp=/solr path=/dataimport params={core=WEBEPLQF&indent=on&commit=true&name=dataimport&clean=true&wt=json&command=full-import&_=1524733542131&verbose=false} status=0 QTime=0
2018-04-26 09:05:48.624 INFO  (qtp672320506-20) [   x:WEBEPLQF] o.a.s.c.S.Request [WEBEPLQF]  webapp=/solr path=/dataimport params={indent=on&wt=json&command=status&_=1524733542131} status=0 QTime=0
2018-04-26 09:05:48.682 INFO  (qtp672320506-13) [   x:WEBEPLQF] o.a.s.c.S.Request [WEBEPLQF]  webapp=/solr path=/dataimport params={indent=on&wt=json&command=status&_=1524733542131} status=0 QTime=0
2018-04-26 09:05:49.148 INFO  (Thread-14) [   x:WEBEPLQF] o.a.s.h.d.DocBuilder Import completed successfully
2018-04-26 09:05:49.148 INFO  (Thread-14) [   x:WEBEPLQF] o.a.s.u.DirectUpdateHandler2 start commit{_version_=1598799006031413248,optimize=false,openSearcher=true,waitSearcher=true,expungeDeletes=false,softCommit=false,prepareCommit=false}
2018-04-26 09:05:49.148 INFO  (Thread-14) [   x:WEBEPLQF] o.a.s.u.SolrIndexWriter Calling setCommitData with IW:org.apache.solr.update.SolrIndexWriter@4f054468 commitCommandVersion:1598799006031413248
2018-04-26 09:05:49.467 INFO  (Thread-14) [   x:WEBEPLQF] o.a.s.s.SolrIndexSearcher Opening [Searcher@534b7376[WEBEPLQF] main]
2018-04-26 09:05:49.469 INFO  (searcherExecutor-17-thread-1-processing-x:WEBEPLQF) [   x:WEBEPLQF] o.a.s.c.QuerySenderListener QuerySenderListener sending requests to Searcher@534b7376[WEBEPLQF] main{ExitableDirectoryReader(UninvertingDirectoryReader(Uninverting(_6(7.3.0):C4348)))}
2018-04-26 09:05:49.469 INFO  (searcherExecutor-17-thread-1-processing-x:WEBEPLQF) [   x:WEBEPLQF] o.a.s.c.QuerySenderListener QuerySenderListener done.
2018-04-26 09:05:49.469 INFO  (searcherExecutor-17-thread-1-processing-x:WEBEPLQF) [   x:WEBEPLQF] o.a.s.c.SolrCore [WEBEPLQF] Registered new searcher Searcher@534b7376[WEBEPLQF] main{ExitableDirectoryReader(UninvertingDirectoryReader(Uninverting(_6(7.3.0):C4348)))}
2018-04-26 09:05:49.471 INFO  (Thread-14) [   x:WEBEPLQF] o.a.s.u.DirectUpdateHandler2 end_commit_flush
2018-04-26 09:05:49.480 INFO  (Thread-14) [   x:WEBEPLQF] o.a.s.h.d.SimplePropertiesWriter Read dataimport.properties
2018-04-26 09:05:49.482 INFO  (Thread-14) [   x:WEBEPLQF] o.a.s.h.d.SimplePropertiesWriter Wrote last indexed time to dataimport.properties
2018-04-26 09:05:49.483 INFO  (Thread-14) [   x:WEBEPLQF] o.a.s.h.d.DocBuilder Time taken = 0:0:4.91
2018-04-26 09:05:49.484 INFO  (Thread-14) [   x:WEBEPLQF] o.a.s.u.p.LogUpdateProcessorFactory [WEBEPLQF]  webapp=/solr path=/dataimport params={core=WEBEPLQF&indent=on&commit=true&name=dataimport&clean=false&wt=json&command=full-import&_=1524733542131&verbose=false} status=0 QTime=17{add=[filter_rqst-450785 (1598799004397731840), filter_rqst-450799 (1598799004439674880), filter_rqst-450814 (1598799004439674881), filter_rqst-450833 (1598799004440723456), filter_rqst-450841 (1598799004440723457), filter_rqst-450848 (1598799004440723458), filter_rqst-450852 (1598799004441772032), filter_rqst-450856 (1598799004441772033), filter_rqst-450877 (1598799004441772034), filter_rqst-450918 (1598799004442820608), ... (4348 adds)],commit=} 0 4127
2018-04-26 09:05:50.674 INFO  (qtp672320506-20) [   x:WEBEPLQF] o.a.s.c.S.Request [WEBEPLQF]  webapp=/solr path=/dataimport params={indent=on&wt=json&command=status&_=1524733542131} status=0 QTime=1
2018-04-26 09:05:52.652 INFO  (qtp672320506-13) [   x:WEBEPLQF] o.a.s.h.d.DataImporter Loading DIH Configuration: db-data-config.xml
2018-04-26 09:05:52.653 INFO  (qtp672320506-13) [   x:WEBEPLQF] o.a.s.h.d.c.DIHConfiguration id is a required field in SolrSchema . But not found in DataConfig
2018-04-26 09:05:52.654 INFO  (qtp672320506-13) [   x:WEBEPLQF] o.a.s.h.d.DataImporter Data Configuration loaded successfully
2018-04-26 09:05:52.654 INFO  (qtp672320506-13) [   x:WEBEPLQF] o.a.s.c.S.Request [WEBEPLQF]  webapp=/solr path=/dataimport params={core=WEBEPLQF&indent=on&commit=true&name=dataimport&clean=true&wt=json&command=full-import&_=1524733542131&verbose=false} status=0 QTime=2
2018-04-26 09:05:52.656 INFO  (Thread-17) [   x:WEBEPLQF] o.a.s.h.d.DataImporter Starting Full Import
2018-04-26 09:05:52.660 INFO  (qtp672320506-20) [   x:WEBEPLQF] o.a.s.c.S.Request [WEBEPLQF]  webapp=/solr path=/dataimport params={indent=on&wt=json&command=status&_=1524733542131} status=0 QTime=0
2018-04-26 09:05:52.668 INFO  (Thread-17) [   x:WEBEPLQF] o.a.s.h.d.SimplePropertiesWriter Read dataimport.properties
2018-04-26 09:05:52.677 INFO  (qtp672320506-13) [   x:WEBEPLQF] o.a.s.c.S.Request [WEBEPLQF]  webapp=/solr path=/dataimport params={indent=on&wt=json&command=status&_=1524733542131} status=0 QTime=0
2018-04-26 09:05:52.798 INFO  (Thread-17) [   x:WEBEPLQF] o.a.s.s.SolrIndexSearcher Opening [Searcher@4b287f8a[WEBEPLQF] realtime]
2018-04-26 09:05:52.799 INFO  (Thread-17) [   x:WEBEPLQF] o.a.s.h.d.JdbcDataSource Creating a connection for entity filter_rqst with URL: jdbc:oracle:thin:@ryelxwebeqfdbc1.rye.avon.com:1521:webgplqf
2018-04-26 09:05:54.175 INFO  (Thread-17) [   x:WEBEPLQF] o.a.s.h.d.JdbcDataSource Time taken for getConnection(): 1375
2018-04-26 09:05:54.669 INFO  (qtp672320506-20) [   x:WEBEPLQF] o.a.s.c.S.Request [WEBEPLQF]  webapp=/solr path=/dataimport params={indent=on&wt=json&command=status&_=1524733542131} status=0 QTime=0
2018-04-26 09:05:55.672 INFO  (Thread-17) [   x:WEBEPLQF] o.a.s.h.d.DocBuilder Import completed successfully
2018-04-26 09:05:55.672 INFO  (Thread-17) [   x:WEBEPLQF] o.a.s.u.DirectUpdateHandler2 start commit{_version_=1598799012872323081,optimize=false,openSearcher=true,waitSearcher=true,expungeDeletes=false,softCommit=false,prepareCommit=false}
2018-04-26 09:05:55.673 INFO  (Thread-17) [   x:WEBEPLQF] o.a.s.u.SolrIndexWriter Calling setCommitData with IW:org.apache.solr.update.SolrIndexWriter@4f054468 commitCommandVersion:1598799012872323081
2018-04-26 09:05:55.796 INFO  (Thread-17) [   x:WEBEPLQF] o.a.s.s.SolrIndexSearcher Opening [Searcher@38f79fb8[WEBEPLQF] main]
2018-04-26 09:05:55.796 INFO  (searcherExecutor-17-thread-1-processing-x:WEBEPLQF) [   x:WEBEPLQF] o.a.s.c.QuerySenderListener QuerySenderListener sending requests to Searcher@38f79fb8[WEBEPLQF] main{ExitableDirectoryReader(UninvertingDirectoryReader(Uninverting(_7(7.3.0):C4348)))}
2018-04-26 09:05:55.797 INFO  (searcherExecutor-17-thread-1-processing-x:WEBEPLQF) [   x:WEBEPLQF] o.a.s.c.QuerySenderListener QuerySenderListener done.
2018-04-26 09:05:55.797 INFO  (searcherExecutor-17-thread-1-processing-x:WEBEPLQF) [   x:WEBEPLQF] o.a.s.c.SolrCore [WEBEPLQF] Registered new searcher Searcher@38f79fb8[WEBEPLQF] main{ExitableDirectoryReader(UninvertingDirectoryReader(Uninverting(_7(7.3.0):C4348)))}
2018-04-26 09:05:55.800 INFO  (Thread-17) [   x:WEBEPLQF] o.a.s.u.DirectUpdateHandler2 end_commit_flush
2018-04-26 09:05:55.810 INFO  (Thread-17) [   x:WEBEPLQF] o.a.s.h.d.SimplePropertiesWriter Read dataimport.properties
2018-04-26 09:05:55.812 INFO  (Thread-17) [   x:WEBEPLQF] o.a.s.h.d.SimplePropertiesWriter Wrote last indexed time to dataimport.properties
2018-04-26 09:05:55.813 INFO  (Thread-17) [   x:WEBEPLQF] o.a.s.h.d.DocBuilder Time taken = 0:0:3.144
2018-04-26 09:05:55.813 INFO  (Thread-17) [   x:WEBEPLQF] o.a.s.u.p.LogUpdateProcessorFactory [WEBEPLQF]  webapp=/solr path=/dataimport params={core=WEBEPLQF&indent=on&commit=true&name=dataimport&clean=true&wt=json&command=full-import&_=1524733542131&verbose=false} status=0 QTime=2{deleteByQuery=*:* (-1598799009724497920),add=[filter_rqst-450785 (1598799011469328384), filter_rqst-450799 (1598799011472474112), filter_rqst-450814 (1598799011473522688), filter_rqst-450833 (1598799011473522689), filter_rqst-450841 (1598799011473522690), filter_rqst-450848 (1598799011473522691), filter_rqst-450852 (1598799011474571264), filter_rqst-450856 (1598799011474571265), filter_rqst-450877 (1598799011474571266), filter_rqst-450918 (1598799011474571267), ... (4348 adds)],commit=} 0 3162
2018-04-26 09:05:56.679 INFO  (qtp672320506-13) [   x:WEBEPLQF] o.a.s.c.S.Request [WEBEPLQF]  webapp=/solr path=/dataimport params={indent=on&wt=json&command=status&_=1524733542131} status=0 QTime=0
2018-04-26 09:05:57.332 INFO  (qtp672320506-20) [   ] o.a.s.s.HttpSolrCall [admin] webapp=null path=/admin/cores params={indexInfo=false&wt=json&_=1524733522243} status=0 QTime=0
2018-04-26 09:05:57.383 INFO  (qtp672320506-13) [   ] o.a.s.s.HttpSolrCall [admin] webapp=null path=/admin/info/system params={wt=json&_=1524733522243} status=0 QTime=50
2018-04-26 09:05:58.365 INFO  (qtp672320506-16) [   x:WEBEPLQF] o.a.s.c.S.Request [WEBEPLQF]  webapp=/solr path=/select params={q=*:*&_=1524733557301} hits=4348 status=0 QTime=1
2018-04-26 09:13:49.638 INFO  (qtp672320506-16) [   ] o.a.s.s.HttpSolrCall [admin] webapp=null path=/admin/cores params={indexInfo=false&wt=json&_=1524733522243} status=0 QTime=0
2018-04-26 09:13:49.641 INFO  (qtp672320506-22) [   ] o.a.s.s.HttpSolrCall [admin] webapp=null path=/admin/cores params={wt=json&_=1524733522243} status=0 QTime=4
2018-04-26 09:13:49.704 INFO  (qtp672320506-20) [   ] o.a.s.s.HttpSolrCall [admin] webapp=null path=/admin/info/system params={wt=json&_=1524733522243} status=0 QTime=67
2018-04-26 09:13:49.718 INFO  (qtp672320506-19) [   ] o.a.s.s.HttpSolrCall [admin] webapp=null path=/admin/cores params={indexInfo=false&wt=json&_=1524733522243} status=0 QTime=0
2018-04-26 09:13:49.724 INFO  (qtp672320506-20) [   ] o.a.s.s.HttpSolrCall [admin] webapp=null path=/admin/cores params={wt=json&_=1524733522243} status=0 QTime=1
2018-04-26 09:13:49.767 INFO  (qtp672320506-13) [   ] o.a.s.s.HttpSolrCall [admin] webapp=null path=/admin/info/system params={wt=json&_=1524733522243} status=0 QTime=48
2018-04-26 09:13:50.795 INFO  (qtp672320506-22) [   ] o.a.s.s.HttpSolrCall [admin] webapp=null path=/admin/cores params={indexInfo=false&wt=json&_=1524733522243} status=0 QTime=0
2018-04-26 09:13:50.800 INFO  (qtp672320506-19) [   ] o.a.s.s.HttpSolrCall [admin] webapp=null path=/admin/cores params={wt=json&_=1524733522243} status=0 QTime=1
2018-04-26 09:13:50.846 INFO  (qtp672320506-13) [   ] o.a.s.s.HttpSolrCall [admin] webapp=null path=/admin/info/system params={wt=json&_=1524733522243} status=0 QTime=48
2018-04-26 09:13:51.492 INFO  (qtp672320506-22) [   ] o.a.s.c.SolrResourceLoader [null] Added 2 libs to classloader, from paths: [/C:/Programs/solr/solr-7.3.0/server/solr/WEBEPLQF/lib]
2018-04-26 09:13:51.516 INFO  (qtp672320506-22) [   ] o.a.s.c.SolrResourceLoader [WEBEPLQF] Added 67 libs to classloader, from paths: [/C:/Programs/solr/solr-7.3.0/contrib/extraction/lib, /C:/Programs/solr/solr-7.3.0/contrib/langid/lib, /C:/Programs/solr/solr-7.3.0/contrib/velocity/lib, /C:/Programs/solr/solr-7.3.0/dist]
2018-04-26 09:13:51.546 INFO  (qtp672320506-22) [   ] o.a.s.u.SolrIndexConfig IndexWriter infoStream solr logging is enabled
2018-04-26 09:13:51.546 INFO  (qtp672320506-22) [   ] o.a.s.c.SolrConfig Using Lucene MatchVersion: 7.3.0
2018-04-26 09:13:51.579 INFO  (qtp672320506-22) [   ] o.a.s.s.IndexSchema [WEBEPLQF] Schema name=example
2018-04-26 09:13:51.624 INFO  (qtp672320506-22) [   ] o.a.s.s.IndexSchema Loaded schema example/1.5 with uniqueid field id
2018-04-26 09:13:51.637 INFO  (qtp672320506-22) [   ] o.a.s.c.CoreContainer Reloading SolrCore 'WEBEPLQF' using configuration from instancedir C:\Programs\solr\solr-7.3.0\server\solr\WEBEPLQF
2018-04-26 09:13:51.638 INFO  (qtp672320506-22) [   x:WEBEPLQF] o.a.s.c.SolrCore [[WEBEPLQF] ] Opening new SolrCore at [C:\Programs\solr\solr-7.3.0\server\solr\WEBEPLQF], dataDir=[C:\Programs\solr\solr-7.3.0\server\solr\WEBEPLQF\data\]
2018-04-26 09:13:51.640 INFO  (qtp672320506-22) [   x:WEBEPLQF] o.a.s.r.XSLTResponseWriter xsltCacheLifetimeSeconds=5
2018-04-26 09:13:51.689 INFO  (qtp672320506-22) [   x:WEBEPLQF] o.a.s.u.CommitTracker Hard AutoCommit: if uncommited for 15000ms; 
2018-04-26 09:13:51.689 INFO  (qtp672320506-22) [   x:WEBEPLQF] o.a.s.u.CommitTracker Soft AutoCommit: disabled
2018-04-26 09:13:51.690 INFO  (qtp672320506-22) [   x:WEBEPLQF] o.a.s.s.SolrIndexSearcher Opening [Searcher@65e72023[WEBEPLQF] main]
2018-04-26 09:13:51.691 INFO  (qtp672320506-22) [   x:WEBEPLQF] o.a.s.r.ManagedResourceStorage File-based storage initialized to use dir: C:\Programs\solr\solr-7.3.0\server\solr\WEBEPLQF\conf
2018-04-26 09:13:51.692 INFO  (qtp672320506-22) [   x:WEBEPLQF] o.a.s.h.c.SpellCheckComponent Initializing spell checkers
2018-04-26 09:13:51.692 INFO  (qtp672320506-22) [   x:WEBEPLQF] o.a.s.s.DirectSolrSpellChecker init: {name=default,field=text,classname=solr.DirectSolrSpellChecker,distanceMeasure=internal,accuracy=0.5,maxEdits=2,minPrefix=1,maxInspections=5,minQueryLength=4,maxQueryFrequency=0.01}
2018-04-26 09:13:51.692 INFO  (qtp672320506-22) [   x:WEBEPLQF] o.a.s.h.c.SuggestComponent Initializing SuggestComponent
2018-04-26 09:13:51.692 INFO  (qtp672320506-22) [   x:WEBEPLQF] o.a.s.s.s.SolrSuggester init: {name=mySuggester,lookupImpl=FuzzyLookupFactory,dictionaryImpl=DocumentDictionaryFactory,field=cat,weightField=price,suggestAnalyzerFieldType=string}
2018-04-26 09:13:51.693 INFO  (qtp672320506-22) [   x:WEBEPLQF] o.a.s.s.s.SolrSuggester Dictionary loaded with params: {name=mySuggester,lookupImpl=FuzzyLookupFactory,dictionaryImpl=DocumentDictionaryFactory,field=cat,weightField=price,suggestAnalyzerFieldType=string}
2018-04-26 09:13:51.693 INFO  (qtp672320506-22) [   x:WEBEPLQF] o.a.s.h.c.SuggestComponent Registering searcher listener for suggester: mySuggester - SuggesterListener [core=org.apache.solr.core.SolrCore@b840d4, suggester=SolrSuggester [ name=mySuggester, sourceLocation=null, storeDir=, lookupImpl=FuzzyLookupFactory, dictionaryImpl=DocumentDictionaryFactory, sizeInBytes=0 ], buildOnCommit=false, buildOnOptimize=false, buildOnStartup=true, isCoreReload=true]
2018-04-26 09:13:51.693 INFO  (qtp672320506-22) [   x:WEBEPLQF] o.a.s.h.c.QueryElevationComponent Loading QueryElevation from: C:\Programs\solr\solr-7.3.0\server\solr\WEBEPLQF\conf\elevate.xml
2018-04-26 09:13:51.698 INFO  (qtp672320506-22) [   x:WEBEPLQF] o.a.s.h.ReplicationHandler Commits will be reserved for 10000ms.
2018-04-26 09:13:51.705 INFO  (searcherExecutor-21-thread-1-processing-x:WEBEPLQF) [   x:WEBEPLQF] o.a.s.c.QuerySenderListener QuerySenderListener sending requests to Searcher@65e72023[WEBEPLQF] main{ExitableDirectoryReader(UninvertingDirectoryReader(Uninverting(_7(7.3.0):C4348)))}
2018-04-26 09:13:51.706 ERROR (searcherExecutor-21-thread-1-processing-x:WEBEPLQF) [   x:WEBEPLQF] o.a.s.h.RequestHandlerBase org.apache.solr.common.SolrException: undefined field text
	at org.apache.solr.schema.IndexSchema.getDynamicFieldType(IndexSchema.java:1292)
	at org.apache.solr.schema.IndexSchema$SolrQueryAnalyzer.getWrappedAnalyzer(IndexSchema.java:434)
	at org.apache.lucene.analysis.DelegatingAnalyzerWrapper$DelegatingReuseStrategy.getReusableComponents(DelegatingAnalyzerWrapper.java:84)
	at org.apache.lucene.analysis.Analyzer.tokenStream(Analyzer.java:191)
	at org.apache.lucene.util.QueryBuilder.createFieldQuery(QueryBuilder.java:240)
	at org.apache.solr.parser.SolrQueryParserBase.newFieldQuery(SolrQueryParserBase.java:518)
	at org.apache.solr.parser.QueryParser.newFieldQuery(QueryParser.java:62)
	at org.apache.solr.parser.SolrQueryParserBase.getFieldQuery(SolrQueryParserBase.java:1148)
	at org.apache.solr.parser.QueryParser.MultiTerm(QueryParser.java:593)
	at org.apache.solr.parser.QueryParser.Query(QueryParser.java:142)
	at org.apache.solr.parser.QueryParser.TopLevelQuery(QueryParser.java:131)
	at org.apache.solr.parser.SolrQueryParserBase.parse(SolrQueryParserBase.java:254)
	at org.apache.solr.search.LuceneQParser.parse(LuceneQParser.java:49)
	at org.apache.solr.search.QParser.getQuery(QParser.java:169)
	at org.apache.solr.handler.component.QueryComponent.prepare(QueryComponent.java:160)
	at org.apache.solr.handler.component.SearchHandler.handleRequestBody(SearchHandler.java:269)
	at org.apache.solr.handler.RequestHandlerBase.handleRequest(RequestHandlerBase.java:195)
	at org.apache.solr.core.SolrCore.execute(SolrCore.java:2503)
	at org.apache.solr.core.QuerySenderListener.newSearcher(QuerySenderListener.java:74)
	at org.apache.solr.core.SolrCore.lambda$getSearcher$17(SolrCore.java:2275)
	at java.util.concurrent.FutureTask.run(FutureTask.java:266)
	at org.apache.solr.common.util.ExecutorUtil$MDCAwareThreadPoolExecutor.lambda$execute$0(ExecutorUtil.java:188)
	at java.util.concurrent.ThreadPoolExecutor.runWorker(ThreadPoolExecutor.java:1149)
	at java.util.concurrent.ThreadPoolExecutor$Worker.run(ThreadPoolExecutor.java:624)
	at java.lang.Thread.run(Thread.java:748)

2018-04-26 09:13:51.706 INFO  (searcherExecutor-21-thread-1-processing-x:WEBEPLQF) [   x:WEBEPLQF] o.a.s.c.S.Request [WEBEPLQF]  webapp=null path=null params={q=static+firstSearcher+warming+in+solrconfig.xml&distrib=false&event=firstSearcher} status=400 QTime=0
2018-04-26 09:13:51.706 INFO  (searcherExecutor-21-thread-1-processing-x:WEBEPLQF) [   x:WEBEPLQF] o.a.s.c.QuerySenderListener QuerySenderListener done.
2018-04-26 09:13:51.706 INFO  (searcherExecutor-21-thread-1-processing-x:WEBEPLQF) [   x:WEBEPLQF] o.a.s.h.c.SpellCheckComponent Loading spell index for spellchecker: default
2018-04-26 09:13:51.706 INFO  (searcherExecutor-21-thread-1-processing-x:WEBEPLQF) [   x:WEBEPLQF] o.a.s.h.c.SpellCheckComponent Loading spell index for spellchecker: wordbreak
2018-04-26 09:13:51.706 INFO  (searcherExecutor-21-thread-1-processing-x:WEBEPLQF) [   x:WEBEPLQF] o.a.s.h.c.SuggestComponent Skipping first newSearcher call for suggester SolrSuggester [ name=mySuggester, sourceLocation=null, storeDir=, lookupImpl=FuzzyLookupFactory, dictionaryImpl=DocumentDictionaryFactory, sizeInBytes=0 ] in core reload
2018-04-26 09:13:51.707 INFO  (searcherExecutor-21-thread-1-processing-x:WEBEPLQF) [   x:WEBEPLQF] o.a.s.c.SolrCore [WEBEPLQF] Registered new searcher Searcher@65e72023[WEBEPLQF] main{ExitableDirectoryReader(UninvertingDirectoryReader(Uninverting(_7(7.3.0):C4348)))}
2018-04-26 09:13:51.714 INFO  (qtp672320506-22) [   x:WEBEPLQF] o.a.s.u.DefaultSolrCoreState New IndexWriter is ready to be used.
2018-04-26 09:13:51.717 INFO  (qtp672320506-22) [   x:WEBEPLQF] o.a.s.s.SolrIndexSearcher Opening [Searcher@25bdc963[WEBEPLQF] main]
2018-04-26 09:13:51.717 INFO  (qtp672320506-22) [   x:WEBEPLQF] o.a.s.c.SolrCore [WEBEPLQF]  CLOSING SolrCore org.apache.solr.core.SolrCore@102bbc7e
2018-04-26 09:13:51.718 INFO  (qtp672320506-22) [   x:WEBEPLQF] o.a.s.m.SolrMetricManager Closing metric reporters for registry=solr.core.WEBEPLQF, tag=271301758
2018-04-26 09:13:51.718 INFO  (searcherExecutor-21-thread-1-processing-x:WEBEPLQF) [   x:WEBEPLQF] o.a.s.c.QuerySenderListener QuerySenderListener sending requests to Searcher@25bdc963[WEBEPLQF] main{ExitableDirectoryReader(UninvertingDirectoryReader(Uninverting(_7(7.3.0):C4348)))}
2018-04-26 09:13:51.718 INFO  (searcherExecutor-21-thread-1-processing-x:WEBEPLQF) [   x:WEBEPLQF] o.a.s.c.QuerySenderListener QuerySenderListener done.
2018-04-26 09:13:51.718 INFO  (searcherExecutor-21-thread-1-processing-x:WEBEPLQF) [   x:WEBEPLQF] o.a.s.h.c.SuggestComponent buildOnStartup: mySuggester
2018-04-26 09:13:51.718 INFO  (searcherExecutor-21-thread-1-processing-x:WEBEPLQF) [   x:WEBEPLQF] o.a.s.s.s.SolrSuggester SolrSuggester.build(mySuggester)
2018-04-26 09:13:51.720 INFO  (qtp672320506-22) [   x:WEBEPLQF] o.a.s.s.HttpSolrCall [admin] webapp=null path=/admin/cores params={core=WEBEPLQF&action=RELOAD&wt=json&_=1524733522243} status=0 QTime=230
2018-04-26 09:13:51.758 INFO  (searcherExecutor-21-thread-1-processing-x:WEBEPLQF) [   x:WEBEPLQF] o.a.s.c.SolrCore [WEBEPLQF] Registered new searcher Searcher@25bdc963[WEBEPLQF] main{ExitableDirectoryReader(UninvertingDirectoryReader(Uninverting(_7(7.3.0):C4348)))}
2018-04-26 09:13:52.761 INFO  (qtp672320506-13) [   ] o.a.s.s.HttpSolrCall [admin] webapp=null path=/admin/cores params={indexInfo=false&wt=json&_=1524733522243} status=0 QTime=0
2018-04-26 09:13:52.769 INFO  (qtp672320506-22) [   ] o.a.s.s.HttpSolrCall [admin] webapp=null path=/admin/cores params={wt=json&_=1524733522243} status=0 QTime=2
2018-04-26 09:13:52.813 INFO  (qtp672320506-20) [   ] o.a.s.s.HttpSolrCall [admin] webapp=null path=/admin/info/system params={wt=json&_=1524733522243} status=0 QTime=51
2018-04-26 09:13:55.039 INFO  (qtp672320506-19) [   ] o.a.s.s.HttpSolrCall [admin] webapp=null path=/admin/cores params={indexInfo=false&wt=json&_=1524733522243} status=0 QTime=0
2018-04-26 09:13:55.052 INFO  (qtp672320506-13) [   x:WEBEPLQF] o.a.s.c.S.Request [WEBEPLQF]  webapp=/solr path=/admin/luke params={numTerms=0&show=index&wt=json&_=1524733530019} status=0 QTime=0
2018-04-26 09:13:55.057 INFO  (qtp672320506-22) [   x:WEBEPLQF] o.a.s.c.S.Request [WEBEPLQF]  webapp=/solr path=/replication params={wt=json&command=details&_=1524733530019} status=0 QTime=0
2018-04-26 09:13:55.062 INFO  (qtp672320506-22) [   x:WEBEPLQF] o.a.s.c.S.Request [WEBEPLQF]  webapp=/solr path=/admin/ping params={action=status&wt=json&_=1524733522243&ts=1524733522243} status=503 QTime=0
2018-04-26 09:13:55.159 INFO  (qtp672320506-13) [   x:WEBEPLQF] o.a.s.c.S.Request [WEBEPLQF]  webapp=/solr path=/admin/system params={wt=json&_=1524733530019} status=0 QTime=99
2018-04-26 09:13:55.159 INFO  (qtp672320506-20) [   ] o.a.s.s.HttpSolrCall [admin] webapp=null path=/admin/info/system params={wt=json&_=1524733522243} status=0 QTime=116
2018-04-26 09:13:57.024 INFO  (qtp672320506-19) [   ] o.a.s.s.HttpSolrCall [admin] webapp=null path=/admin/cores params={indexInfo=false&wt=json&_=1524733522243} status=0 QTime=0
2018-04-26 09:13:57.074 INFO  (qtp672320506-20) [   ] o.a.s.s.HttpSolrCall [admin] webapp=null path=/admin/info/system params={wt=json&_=1524733522243} status=0 QTime=47
2018-04-26 09:13:58.745 INFO  (qtp672320506-19) [   ] o.a.s.s.HttpSolrCall [admin] webapp=null path=/admin/cores params={indexInfo=false&wt=json&_=1524733522243} status=0 QTime=0
2018-04-26 09:13:58.752 INFO  (qtp672320506-16) [   x:WEBEPLQF] o.a.s.c.S.Request [WEBEPLQF]  webapp=/solr path=/admin/mbeans params={cat=QUERY&wt=json&_=1524733542131} status=0 QTime=0
2018-04-26 09:13:58.800 INFO  (qtp672320506-13) [   ] o.a.s.s.HttpSolrCall [admin] webapp=null path=/admin/cores params={indexInfo=false&wt=json&_=1524733522243} status=0 QTime=0
2018-04-26 09:13:58.806 INFO  (qtp672320506-16) [   x:WEBEPLQF] o.a.s.c.S.Request [WEBEPLQF]  webapp=/solr path=/admin/mbeans params={cat=QUERY&wt=json&_=1524733542131} status=0 QTime=0
2018-04-26 09:13:58.814 INFO  (qtp672320506-13) [   x:WEBEPLQF] o.a.s.c.S.Request [WEBEPLQF]  webapp=/solr path=/dataimport params={indent=on&wt=json&command=show-config&_=1524733542131} status=0 QTime=3
2018-04-26 09:13:58.814 INFO  (qtp672320506-20) [   ] o.a.s.s.HttpSolrCall [admin] webapp=null path=/admin/info/system params={wt=json&_=1524733522243} status=0 QTime=65
2018-04-26 09:13:58.841 INFO  (qtp672320506-19) [   x:WEBEPLQF] o.a.s.c.S.Request [WEBEPLQF]  webapp=/solr path=/dataimport params={indent=on&wt=json&command=status&_=1524733542131} status=0 QTime=0
2018-04-26 09:13:58.865 INFO  (qtp672320506-16) [   ] o.a.s.s.HttpSolrCall [admin] webapp=null path=/admin/info/system params={wt=json&_=1524733522243} status=0 QTime=48
2018-04-26 09:14:00.548 INFO  (qtp672320506-20) [   x:WEBEPLQF] o.a.s.c.S.Request [WEBEPLQF]  webapp=/solr path=/dataimport params={indent=on&wt=json&command=status&_=1524733542131} status=0 QTime=0
2018-04-26 09:14:01.157 INFO  (qtp672320506-16) [   x:WEBEPLQF] o.a.s.h.d.DataImporter Loading DIH Configuration: db-data-config.xml
2018-04-26 09:14:01.163 INFO  (qtp672320506-16) [   x:WEBEPLQF] o.a.s.h.d.c.DIHConfiguration entityType is a required field in SolrSchema . But not found in DataConfig
2018-04-26 09:14:01.163 INFO  (qtp672320506-16) [   x:WEBEPLQF] o.a.s.h.d.c.DIHConfiguration id is a required field in SolrSchema . But not found in DataConfig
2018-04-26 09:14:01.163 INFO  (qtp672320506-16) [   x:WEBEPLQF] o.a.s.h.d.DataImporter Data Configuration loaded successfully
2018-04-26 09:14:01.165 INFO  (qtp672320506-16) [   x:WEBEPLQF] o.a.s.c.S.Request [WEBEPLQF]  webapp=/solr path=/dataimport params={core=WEBEPLQF&indent=on&commit=true&name=dataimport&clean=true&wt=json&command=full-import&_=1524733542131&verbose=false} status=0 QTime=8
2018-04-26 09:14:01.165 INFO  (Thread-18) [   x:WEBEPLQF] o.a.s.h.d.DataImporter Starting Full Import
2018-04-26 09:14:01.170 INFO  (qtp672320506-20) [   x:WEBEPLQF] o.a.s.c.S.Request [WEBEPLQF]  webapp=/solr path=/dataimport params={indent=on&wt=json&command=status&_=1524733542131} status=0 QTime=0
2018-04-26 09:14:01.180 INFO  (Thread-18) [   x:WEBEPLQF] o.a.s.h.d.SimplePropertiesWriter Read dataimport.properties
2018-04-26 09:14:01.196 INFO  (Thread-18) [   x:WEBEPLQF] o.a.s.s.SolrIndexSearcher Opening [Searcher@1c0a800a[WEBEPLQF] realtime]
2018-04-26 09:14:01.205 INFO  (Thread-18) [   x:WEBEPLQF] o.a.s.h.d.JdbcDataSource Creating a connection for entity filter_rqst with URL: jdbc:oracle:thin:@ryelxwebeqfdbc1.rye.avon.com:1521:webgplqf
2018-04-26 09:14:02.556 INFO  (qtp672320506-16) [   x:WEBEPLQF] o.a.s.c.S.Request [WEBEPLQF]  webapp=/solr path=/dataimport params={indent=on&wt=json&command=status&_=1524733542131} status=0 QTime=1
2018-04-26 09:14:02.564 INFO  (Thread-18) [   x:WEBEPLQF] o.a.s.h.d.JdbcDataSource Time taken for getConnection(): 1358
2018-04-26 09:14:04.113 INFO  (Thread-18) [   x:WEBEPLQF] o.a.s.h.d.DocBuilder Import completed successfully
2018-04-26 09:14:04.113 INFO  (Thread-18) [   x:WEBEPLQF] o.a.s.u.DirectUpdateHandler2 start commit{_version_=1598799525039833094,optimize=false,openSearcher=true,waitSearcher=true,expungeDeletes=false,softCommit=false,prepareCommit=false}
2018-04-26 09:14:04.113 INFO  (Thread-18) [   x:WEBEPLQF] o.a.s.u.SolrIndexWriter Calling setCommitData with IW:org.apache.solr.update.SolrIndexWriter@755d6927 commitCommandVersion:1598799525039833094
2018-04-26 09:14:04.217 INFO  (Thread-18) [   x:WEBEPLQF] o.a.s.s.SolrIndexSearcher Opening [Searcher@4cc8a50e[WEBEPLQF] main]
2018-04-26 09:14:04.217 INFO  (searcherExecutor-21-thread-1-processing-x:WEBEPLQF) [   x:WEBEPLQF] o.a.s.c.QuerySenderListener QuerySenderListener sending requests to Searcher@4cc8a50e[WEBEPLQF] main{ExitableDirectoryReader(UninvertingDirectoryReader(Uninverting(_8(7.3.0):C4354)))}
2018-04-26 09:14:04.217 INFO  (searcherExecutor-21-thread-1-processing-x:WEBEPLQF) [   x:WEBEPLQF] o.a.s.c.QuerySenderListener QuerySenderListener done.
2018-04-26 09:14:04.217 INFO  (searcherExecutor-21-thread-1-processing-x:WEBEPLQF) [   x:WEBEPLQF] o.a.s.c.SolrCore [WEBEPLQF] Registered new searcher Searcher@4cc8a50e[WEBEPLQF] main{ExitableDirectoryReader(UninvertingDirectoryReader(Uninverting(_8(7.3.0):C4354)))}
2018-04-26 09:14:04.219 INFO  (Thread-18) [   x:WEBEPLQF] o.a.s.u.DirectUpdateHandler2 end_commit_flush
2018-04-26 09:14:04.227 INFO  (Thread-18) [   x:WEBEPLQF] o.a.s.h.d.SimplePropertiesWriter Read dataimport.properties
2018-04-26 09:14:04.228 INFO  (Thread-18) [   x:WEBEPLQF] o.a.s.h.d.SimplePropertiesWriter Wrote last indexed time to dataimport.properties
2018-04-26 09:14:04.229 INFO  (Thread-18) [   x:WEBEPLQF] o.a.s.h.d.DocBuilder Time taken = 0:0:3.47
2018-04-26 09:14:04.229 INFO  (Thread-18) [   x:WEBEPLQF] o.a.s.u.p.LogUpdateProcessorFactory [WEBEPLQF]  webapp=/solr path=/dataimport params={core=WEBEPLQF&indent=on&commit=true&name=dataimport&clean=true&wt=json&command=full-import&_=1524733542131&verbose=false} status=0 QTime=8{deleteByQuery=*:* (-1598799521974845440),add=[filter_rqst-450785 (1598799523608526848), filter_rqst-450799 (1598799523611672576), filter_rqst-450814 (1598799523612721152), filter_rqst-450833 (1598799523613769728), filter_rqst-450841 (1598799523613769729), filter_rqst-450848 (1598799523614818304), filter_rqst-450852 (1598799523614818305), filter_rqst-450856 (1598799523615866880), filter_rqst-450877 (1598799523615866881), filter_rqst-450918 (1598799523615866882), ... (4354 adds)],commit=} 0 3073
2018-04-26 09:14:04.550 INFO  (qtp672320506-20) [   x:WEBEPLQF] o.a.s.c.S.Request [WEBEPLQF]  webapp=/solr path=/dataimport params={indent=on&wt=json&command=status&_=1524733542131} status=0 QTime=0
2018-04-26 09:14:06.552 INFO  (qtp672320506-16) [   x:WEBEPLQF] o.a.s.c.S.Request [WEBEPLQF]  webapp=/solr path=/dataimport params={indent=on&wt=json&command=status&_=1524733542131} status=0 QTime=0
2018-04-26 09:14:07.437 INFO  (qtp672320506-20) [   ] o.a.s.s.HttpSolrCall [admin] webapp=null path=/admin/cores params={indexInfo=false&wt=json&_=1524733522243} status=0 QTime=0
2018-04-26 09:14:07.485 INFO  (qtp672320506-13) [   ] o.a.s.s.HttpSolrCall [admin] webapp=null path=/admin/info/system params={wt=json&_=1524733522243} status=0 QTime=47
2018-04-26 09:14:08.717 INFO  (qtp672320506-19) [   x:WEBEPLQF] o.a.s.c.S.Request [WEBEPLQF]  webapp=/solr path=/select params={q=*:*&_=1524733557301} hits=4354 status=0 QTime=0
2018-04-26 09:14:21.965 ERROR (qtp672320506-13) [   x:WEBEPLQF] o.a.s.h.RequestHandlerBase org.apache.solr.common.SolrException: undefined field text
	at org.apache.solr.schema.IndexSchema.getDynamicFieldType(IndexSchema.java:1292)
	at org.apache.solr.schema.IndexSchema$SolrQueryAnalyzer.getWrappedAnalyzer(IndexSchema.java:434)
	at org.apache.lucene.analysis.DelegatingAnalyzerWrapper$DelegatingReuseStrategy.getReusableComponents(DelegatingAnalyzerWrapper.java:84)
	at org.apache.lucene.analysis.Analyzer.tokenStream(Analyzer.java:191)
	at org.apache.lucene.util.QueryBuilder.createFieldQuery(QueryBuilder.java:240)
	at org.apache.solr.parser.SolrQueryParserBase.newFieldQuery(SolrQueryParserBase.java:518)
	at org.apache.solr.parser.QueryParser.newFieldQuery(QueryParser.java:62)
	at org.apache.solr.parser.SolrQueryParserBase.getFieldQuery(SolrQueryParserBase.java:1077)
	at org.apache.solr.parser.SolrQueryParserBase.getFieldQuery(SolrQueryParserBase.java:535)
	at org.apache.solr.parser.SolrQueryParserBase.handleQuotedTerm(SolrQueryParserBase.java:816)
	at org.apache.solr.parser.QueryParser.Term(QueryParser.java:549)
	at org.apache.solr.parser.QueryParser.Clause(QueryParser.java:278)
	at org.apache.solr.parser.QueryParser.Query(QueryParser.java:162)
	at org.apache.solr.parser.QueryParser.TopLevelQuery(QueryParser.java:131)
	at org.apache.solr.parser.SolrQueryParserBase.parse(SolrQueryParserBase.java:254)
	at org.apache.solr.search.LuceneQParser.parse(LuceneQParser.java:49)
	at org.apache.solr.search.QParser.getQuery(QParser.java:169)
	at org.apache.solr.handler.component.QueryComponent.prepare(QueryComponent.java:160)
	at org.apache.solr.handler.component.SearchHandler.handleRequestBody(SearchHandler.java:269)
	at org.apache.solr.handler.RequestHandlerBase.handleRequest(RequestHandlerBase.java:195)
	at org.apache.solr.core.SolrCore.execute(SolrCore.java:2503)
	at org.apache.solr.servlet.HttpSolrCall.execute(HttpSolrCall.java:711)
	at org.apache.solr.servlet.HttpSolrCall.call(HttpSolrCall.java:517)
	at org.apache.solr.servlet.SolrDispatchFilter.doFilter(SolrDispatchFilter.java:384)
	at org.apache.solr.servlet.SolrDispatchFilter.doFilter(SolrDispatchFilter.java:330)
	at org.eclipse.jetty.servlet.ServletHandler$CachedChain.doFilter(ServletHandler.java:1629)
	at org.eclipse.jetty.servlet.ServletHandler.doHandle(ServletHandler.java:533)
	at org.eclipse.jetty.server.handler.ScopedHandler.handle(ScopedHandler.java:143)
	at org.eclipse.jetty.security.SecurityHandler.handle(SecurityHandler.java:548)
	at org.eclipse.jetty.server.handler.HandlerWrapper.handle(HandlerWrapper.java:132)
	at org.eclipse.jetty.server.handler.ScopedHandler.nextHandle(ScopedHandler.java:190)
	at org.eclipse.jetty.server.session.SessionHandler.doHandle(SessionHandler.java:1595)
	at org.eclipse.jetty.server.handler.ScopedHandler.nextHandle(ScopedHandler.java:188)
	at org.eclipse.jetty.server.handler.ContextHandler.doHandle(ContextHandler.java:1253)
	at org.eclipse.jetty.server.handler.ScopedHandler.nextScope(ScopedHandler.java:168)
	at org.eclipse.jetty.servlet.ServletHandler.doScope(ServletHandler.java:473)
	at org.eclipse.jetty.server.session.SessionHandler.doScope(SessionHandler.java:1564)
	at org.eclipse.jetty.server.handler.ScopedHandler.nextScope(ScopedHandler.java:166)
	at org.eclipse.jetty.server.handler.ContextHandler.doScope(ContextHandler.java:1155)
	at org.eclipse.jetty.server.handler.ScopedHandler.handle(ScopedHandler.java:141)
	at org.eclipse.jetty.server.handler.ContextHandlerCollection.handle(ContextHandlerCollection.java:219)
	at org.eclipse.jetty.server.handler.HandlerCollection.handle(HandlerCollection.java:126)
	at org.eclipse.jetty.server.handler.HandlerWrapper.handle(HandlerWrapper.java:132)
	at org.eclipse.jetty.rewrite.handler.RewriteHandler.handle(RewriteHandler.java:335)
	at org.eclipse.jetty.server.handler.HandlerWrapper.handle(HandlerWrapper.java:132)
	at org.eclipse.jetty.server.Server.handle(Server.java:530)
	at org.eclipse.jetty.server.HttpChannel.handle(HttpChannel.java:347)
	at org.eclipse.jetty.server.HttpConnection.onFillable(HttpConnection.java:256)
	at org.eclipse.jetty.io.AbstractConnection$ReadCallback.succeeded(AbstractConnection.java:279)
	at org.eclipse.jetty.io.FillInterest.fillable(FillInterest.java:102)
	at org.eclipse.jetty.io.ChannelEndPoint$2.run(ChannelEndPoint.java:124)
	at org.eclipse.jetty.util.thread.strategy.EatWhatYouKill.doProduce(EatWhatYouKill.java:247)
	at org.eclipse.jetty.util.thread.strategy.EatWhatYouKill.produce(EatWhatYouKill.java:140)
	at org.eclipse.jetty.util.thread.strategy.EatWhatYouKill.run(EatWhatYouKill.java:131)
	at org.eclipse.jetty.util.thread.ReservedThreadExecutor$ReservedThread.run(ReservedThreadExecutor.java:382)
	at org.eclipse.jetty.util.thread.QueuedThreadPool.runJob(QueuedThreadPool.java:708)
	at org.eclipse.jetty.util.thread.QueuedThreadPool$2.run(QueuedThreadPool.java:626)
	at java.lang.Thread.run(Thread.java:748)

2018-04-26 09:14:21.965 INFO  (qtp672320506-13) [   x:WEBEPLQF] o.a.s.c.S.Request [WEBEPLQF]  webapp=/solr path=/select params={q="entityType":"filter_rqst"&_=1524733557301} status=400 QTime=1
2018-04-26 09:14:30.887 INFO  (qtp672320506-19) [   x:WEBEPLQF] o.a.s.c.S.Request [WEBEPLQF]  webapp=/solr path=/select params={q=entityType:filter_rqst&_=1524733557301} hits=4354 status=0 QTime=2
2018-04-26 09:14:42.001 INFO  (qtp672320506-13) [   x:WEBEPLQF] o.a.s.c.S.Request [WEBEPLQF]  webapp=/solr path=/select params={q=entityType:filter_rqst&fq=RQST_ID:450799&_=1524733557301} hits=1 status=0 QTime=20
2018-04-26 09:14:56.582 INFO  (qtp672320506-19) [   x:WEBEPLQF] o.a.s.c.S.Request [WEBEPLQF]  webapp=/solr path=/select params={q=entityType:filter_rqst&fq=RQST_ID:450799&wt=xml&_=1524733557301} hits=1 status=0 QTime=0
2018-04-26 09:16:37.076 INFO  (qtp672320506-22) [   x:WEBEPLQF] o.a.s.c.S.Request [WEBEPLQF]  webapp=/solr path=/select params={q=entityType:filter_rqst&rows=12000000&wt=xml&_=1524733557301} hits=4354 status=0 QTime=7
2018-04-26 09:16:44.696 INFO  (qtp672320506-20) [   x:WEBEPLQF] o.a.s.c.S.Request [WEBEPLQF]  webapp=/solr path=/select params={q=entityType:filter_rqst&rows=12000000&wt=xml&_=1524733557301} hits=4354 status=0 QTime=3
2018-04-26 09:16:51.906 INFO  (qtp672320506-22) [   x:WEBEPLQF] o.a.s.c.S.Request [WEBEPLQF]  webapp=/solr path=/select params={q=entityType:filter_rqst&rows=12000000&wt=xml} hits=4354 status=0 QTime=2
2018-04-26 09:17:01.718 INFO  (qtp672320506-20) [   x:WEBEPLQF] o.a.s.c.S.Request [WEBEPLQF]  webapp=/solr path=/select params={q=entityType:filter_rqst&rows=12000000&wt=json} hits=4354 status=0 QTime=3
2018-04-26 09:17:05.719 INFO  (qtp672320506-22) [   x:WEBEPLQF] o.a.s.c.S.Request [WEBEPLQF]  webapp=/solr path=/select params={q=entityType:filter_rqst&rows=12000000&wt=json} hits=4354 status=0 QTime=2
2018-04-26 09:17:19.292 INFO  (qtp672320506-20) [   x:WEBEPLQF] o.a.s.c.S.Request [WEBEPLQF]  webapp=/solr path=/select params={q=entityType:filter_rqst&rows=12000000&wt=json} hits=4354 status=0 QTime=2
2018-04-26 09:17:23.228 INFO  (qtp672320506-22) [   x:WEBEPLQF] o.a.s.c.S.Request [WEBEPLQF]  webapp=/solr path=/select params={q=entityType:filter_rqst&rows=12000000&wt=json} hits=4354 status=0 QTime=2
2018-04-26 09:17:30.758 INFO  (qtp672320506-20) [   x:WEBEPLQF] o.a.s.c.S.Request [WEBEPLQF]  webapp=/solr path=/select params={q=entityType:filter_rqst&rows=12000000&wt=json} hits=4354 status=0 QTime=2
2018-04-26 09:17:54.995 INFO  (qtp672320506-14) [   x:WEBEPLQF] o.a.s.c.S.Request [WEBEPLQF]  webapp=/solr path=/select params={q=entityType:filter_rqst&rows=12000000&wt=json} hits=4354 status=0 QTime=1
